============================================================
AUTOQUANT — LSTM Hybrid (PyTorch na cuda)
  Lookback: 168 świec, Timeframe: 1H
============================================================

Ładowanie danych (1h)...
  BTC/USDT: wczytano z cache (/home/juser/.cache/autoquant/data/BTC_USDT_binance_1h.parquet)
  ETH/USDT: wczytano z cache (/home/juser/.cache/autoquant/data/ETH_USDT_binance_1h.parquet)
  XMR/USDT: wczytano z cache (/home/juser/.cache/autoquant/data/XMR_USDT_bitfinex_1h.parquet)
  SOL/USDT: wczytano z cache (/home/juser/.cache/autoquant/data/SOL_USDT_binance_1h.parquet)
  TAO/USDT: wczytano z cache (/home/juser/.cache/autoquant/data/TAO_USDT_binance_1h.parquet)
  SPY: wczytano z cache (/home/juser/.cache/autoquant/data/SPY_1h.parquet)
  QQQ: wczytano z cache (/home/juser/.cache/autoquant/data/QQQ_1h.parquet)
  UUP: wczytano z cache (/home/juser/.cache/autoquant/data/UUP_1h.parquet)
  GLD: wczytano z cache (/home/juser/.cache/autoquant/data/GLD_1h.parquet)
  VIXY: wczytano z cache (/home/juser/.cache/autoquant/data/VIXY_1h.parquet)
  FED_RATE: wczytano z cache (/home/juser/.cache/autoquant/data/macro_FED_RATE.parquet)
  CPI: wczytano z cache (/home/juser/.cache/autoquant/data/macro_CPI.parquet)
  TREASURY_10Y: wczytano z cache (/home/juser/.cache/autoquant/data/macro_TREASURY_10Y.parquet)
  TREASURY_2Y: wczytano z cache (/home/juser/.cache/autoquant/data/macro_TREASURY_2Y.parquet)
  BTC/USDT FR: wczytano z cache
  ETH/USDT FR: wczytano z cache
  SOL/USDT FR: wczytano z cache
  Sentyment: pobieram z Alpha Vantage...
    Pobieram sentyment dla COIN:BTC...
    Pobieram sentyment dla COIN:ETH...
  ⚠ Sentyment: brak danych

Załadowano: 5 krypto, 5 ETF, 4 makro, 3 futures (FR+OI), 0 sentyment

  BTC/USDT:
    Train — Sharpe:   5.312  Return:  671.10%  MaxDD:  -5.91%  Trades: 2044  Long/Short/Flat: 18%/15%/68%
    Val   — Sharpe:   3.131  Return:   64.68%  MaxDD:  -8.58%  Trades: 1247  Long/Short/Flat: 18%/16%/66%
    B&H:  Train  237.14%  Val  -10.80%
    Score: 1.6622

  ETH/USDT:
    Train — Sharpe:   5.788  Return: 1552.33%  MaxDD: -10.02%  Trades: 2294  Long/Short/Flat: 18%/16%/67%
    Val   — Sharpe:   5.336  Return:  339.19%  MaxDD: -10.50%  Trades: 1060  Long/Short/Flat: 18%/15%/68%
    B&H:  Train   15.69%  Val   22.30%
    Score: 3.5633

  XMR/USDT:
    Train — Sharpe:   3.919  Return:  620.28%  MaxDD: -10.46%  Trades: 3116  Long/Short/Flat: 16%/14%/70%
    Val   — Sharpe:   7.791  Return: 1426.15%  MaxDD:  -7.55%  Trades: 1466  Long/Short/Flat: 18%/15%/66%
    B&H:  Train   42.35%  Val   75.97%
    Score: 3.4736

  SOL/USDT:
    Train — Sharpe:   6.302  Return: 13189.18%  MaxDD: -12.68%  Trades: 2713  Long/Short/Flat: 17%/17%/66%
    Val   — Sharpe:   3.854  Return:  220.80%  MaxDD: -11.03%  Trades: 1275  Long/Short/Flat: 18%/16%/66%
    B&H:  Train  557.47%  Val  -26.52%
    Score: 2.1447

  TAO/USDT:
    Train — Sharpe:   5.780  Return: 1095.96%  MaxDD: -19.96%  Trades: 911  Long/Short/Flat: 15%/19%/65%
    Val   — Sharpe:   7.038  Return: 1755.24%  MaxDD: -13.39%  Trades: 1256  Long/Short/Flat: 18%/18%/64%
    B&H:  Train  -63.09%  Val   11.89%
    Score: 6.061

score:        3.381
assets:       5

============================================================
WYNIK KOŃCOWY (avg score): 3.381
============================================================

Wykres zapisano → equity.png

📊 Zapisano wynik #118 → /home/juser/ej-aj/karpathy/autoquant/results.tsv
