============================================================
AUTOQUANT — LSTM Hybrid (PyTorch na cuda)
  Lookback: 168 świec, Timeframe: 1H
============================================================

Ładowanie danych (1h)...
  BTC/USDT: wczytano z cache (/home/juser/.cache/autoquant/data/BTC_USDT_binance_1h.parquet)
  ETH/USDT: wczytano z cache (/home/juser/.cache/autoquant/data/ETH_USDT_binance_1h.parquet)
  XMR/USDT: wczytano z cache (/home/juser/.cache/autoquant/data/XMR_USDT_bitfinex_1h.parquet)
  SOL/USDT: wczytano z cache (/home/juser/.cache/autoquant/data/SOL_USDT_binance_1h.parquet)
  TAO/USDT: wczytano z cache (/home/juser/.cache/autoquant/data/TAO_USDT_binance_1h.parquet)
  SPY: wczytano z cache (/home/juser/.cache/autoquant/data/SPY_1h.parquet)
  QQQ: wczytano z cache (/home/juser/.cache/autoquant/data/QQQ_1h.parquet)
  UUP: wczytano z cache (/home/juser/.cache/autoquant/data/UUP_1h.parquet)
  GLD: wczytano z cache (/home/juser/.cache/autoquant/data/GLD_1h.parquet)
  VIXY: wczytano z cache (/home/juser/.cache/autoquant/data/VIXY_1h.parquet)
  FED_RATE: wczytano z cache (/home/juser/.cache/autoquant/data/macro_FED_RATE.parquet)
  CPI: wczytano z cache (/home/juser/.cache/autoquant/data/macro_CPI.parquet)
  TREASURY_10Y: wczytano z cache (/home/juser/.cache/autoquant/data/macro_TREASURY_10Y.parquet)
  TREASURY_2Y: wczytano z cache (/home/juser/.cache/autoquant/data/macro_TREASURY_2Y.parquet)
  BTC/USDT FR: wczytano z cache
  ETH/USDT FR: wczytano z cache
  SOL/USDT FR: wczytano z cache
  Sentyment: pobieram z Alpha Vantage...
    Pobieram sentyment dla COIN:BTC...
    Pobieram sentyment dla COIN:ETH...
  ⚠ Sentyment: brak danych

Załadowano: 5 krypto, 5 ETF, 4 makro, 3 futures (FR+OI), 0 sentyment

  BTC/USDT:
    Train — Sharpe:   4.216  Return:  362.42%  MaxDD: -11.79%  Trades: 1894  Long/Short/Flat: 17%/14%/69%
    Val   — Sharpe:   2.285  Return:   43.85%  MaxDD:  -8.67%  Trades: 988  Long/Short/Flat: 17%/15%/68%
    B&H:  Train  237.14%  Val  -10.80%
    Score: 1.1863

  ETH/USDT:
    Train — Sharpe:   4.677  Return:  773.81%  MaxDD: -12.17%  Trades: 2013  Long/Short/Flat: 16%/15%/69%
    Val   — Sharpe:   4.371  Return:  198.91%  MaxDD: -12.65%  Trades: 815  Long/Short/Flat: 16%/14%/70%
    B&H:  Train   15.69%  Val   22.30%
    Score: 2.8224

  XMR/USDT:
    Train — Sharpe:   1.390  Return:   84.42%  MaxDD: -16.93%  Trades: 1951  Long/Short/Flat: 15%/12%/73%
    Val   — Sharpe:   5.091  Return:  395.53%  MaxDD: -14.06%  Trades: 1080  Long/Short/Flat: 16%/12%/71%
    B&H:  Train   42.35%  Val   75.97%
    Score: 0.0

  SOL/USDT:
    Train — Sharpe:   2.993  Return:  589.52%  MaxDD: -14.59%  Trades: 1353  Long/Short/Flat: 16%/13%/70%
    Val   — Sharpe:   3.825  Return:  208.00%  MaxDD: -12.90%  Trades: 960  Long/Short/Flat: 16%/15%/68%
    B&H:  Train  557.47%  Val  -26.52%
    Score: 2.3059

  TAO/USDT:
    Train — Sharpe:   3.109  Return:  256.10%  MaxDD: -19.05%  Trades: 655  Long/Short/Flat: 14%/18%/68%
    Val   — Sharpe:   4.140  Return:  373.54%  MaxDD: -15.99%  Trades: 850  Long/Short/Flat: 15%/16%/69%
    B&H:  Train  -63.09%  Val   11.89%
    Score: 2.4531

score:        1.7535
assets:       5

============================================================
WYNIK KOŃCOWY (avg score): 1.7535
============================================================

Wykres zapisano → equity.png

📊 Zapisano wynik #102 → /home/juser/ej-aj/karpathy/autoquant/results.tsv
