============================================================
AUTOQUANT — LSTM Hybrid (PyTorch na cuda)
  Lookback: 96 świec, Timeframe: 1H
============================================================

Ładowanie danych (1h)...
  BTC/USDT: wczytano z cache (/home/juser/.cache/autoquant/data/BTC_USDT_binance_1h.parquet)
  ETH/USDT: wczytano z cache (/home/juser/.cache/autoquant/data/ETH_USDT_binance_1h.parquet)
  XMR/USDT: wczytano z cache (/home/juser/.cache/autoquant/data/XMR_USDT_bitfinex_1h.parquet)
  SOL/USDT: wczytano z cache (/home/juser/.cache/autoquant/data/SOL_USDT_binance_1h.parquet)
  TAO/USDT: wczytano z cache (/home/juser/.cache/autoquant/data/TAO_USDT_binance_1h.parquet)
  SPY: wczytano z cache (/home/juser/.cache/autoquant/data/SPY_1h.parquet)
  QQQ: wczytano z cache (/home/juser/.cache/autoquant/data/QQQ_1h.parquet)
  UUP: wczytano z cache (/home/juser/.cache/autoquant/data/UUP_1h.parquet)
  GLD: wczytano z cache (/home/juser/.cache/autoquant/data/GLD_1h.parquet)
  VIXY: wczytano z cache (/home/juser/.cache/autoquant/data/VIXY_1h.parquet)
  FED_RATE: wczytano z cache (/home/juser/.cache/autoquant/data/macro_FED_RATE.parquet)
  CPI: wczytano z cache (/home/juser/.cache/autoquant/data/macro_CPI.parquet)
  TREASURY_10Y: wczytano z cache (/home/juser/.cache/autoquant/data/macro_TREASURY_10Y.parquet)
  TREASURY_2Y: wczytano z cache (/home/juser/.cache/autoquant/data/macro_TREASURY_2Y.parquet)
  BTC/USDT FR: wczytano z cache
  ETH/USDT FR: wczytano z cache
  SOL/USDT FR: wczytano z cache
  Sentyment: pobieram z Alpha Vantage...
    Pobieram sentyment dla COIN:BTC...
    Pobieram sentyment dla COIN:ETH...
  ⚠ Sentyment: brak danych

Załadowano: 5 krypto, 5 ETF, 4 makro, 3 futures (FR+OI), 0 sentyment

  BTC/USDT:
    Train — Sharpe:   3.766  Return:  290.38%  MaxDD: -11.78%  Trades: 1636  Long/Short/Flat: 17%/14%/69%
    Val   — Sharpe:   0.271  Return:    2.83%  MaxDD: -15.23%  Trades: 687  Long/Short/Flat: 15%/10%/74%
    B&H:  Train  237.14%  Val  -10.80%
    Score: 0.191

  ETH/USDT:
    Train — Sharpe:   3.065  Return:  306.94%  MaxDD:  -9.79%  Trades: 1250  Long/Short/Flat: 15%/14%/70%
    Val   — Sharpe:   3.434  Return:  135.75%  MaxDD: -13.86%  Trades: 681  Long/Short/Flat: 17%/14%/70%
    B&H:  Train   15.69%  Val   22.30%
    Score: 2.137

  XMR/USDT:
    Train — Sharpe:   3.025  Return:  317.92%  MaxDD: -14.68%  Trades: 2451  Long/Short/Flat: 16%/12%/72%
    Val   — Sharpe:   2.114  Return:   79.62%  MaxDD: -21.63%  Trades: 691  Long/Short/Flat: 16%/11%/72%
    B&H:  Train   42.35%  Val   75.97%
    Score: 1.1879

  SOL/USDT:
    Train — Sharpe:   3.109  Return:  656.65%  MaxDD: -15.16%  Trades: 1269  Long/Short/Flat: 16%/14%/70%
    Val   — Sharpe:   2.915  Return:  132.60%  MaxDD: -13.71%  Trades: 832  Long/Short/Flat: 17%/15%/68%
    B&H:  Train  557.47%  Val  -26.52%
    Score: 1.958

  TAO/USDT:
    Train — Sharpe:   4.048  Return:  431.57%  MaxDD: -17.18%  Trades: 821  Long/Short/Flat: 14%/18%/68%
    Val   — Sharpe:   3.112  Return:  213.87%  MaxDD: -15.96%  Trades: 738  Long/Short/Flat: 15%/15%/70%
    B&H:  Train  -63.09%  Val   11.89%
    Score: 1.8981

score:        1.4744
assets:       5

============================================================
WYNIK KOŃCOWY (avg score): 1.4744
============================================================

Wykres zapisano → equity.png

📊 Zapisano wynik #107 → /home/juser/ej-aj/karpathy/autoquant/results.tsv
