/home/juser/.local/lib/python3.10/site-packages/torch/nn/modules/transformer.py:385: UserWarning: enable_nested_tensor is True, but self.use_nested_tensor is False because encoder_layer.norm_first was True
  warnings.warn(
/home/juser/.local/lib/python3.10/site-packages/torch/nn/modules/transformer.py:385: UserWarning: enable_nested_tensor is True, but self.use_nested_tensor is False because encoder_layer.norm_first was True
  warnings.warn(
/home/juser/.local/lib/python3.10/site-packages/torch/nn/modules/transformer.py:385: UserWarning: enable_nested_tensor is True, but self.use_nested_tensor is False because encoder_layer.norm_first was True
  warnings.warn(
/home/juser/.local/lib/python3.10/site-packages/torch/nn/modules/transformer.py:385: UserWarning: enable_nested_tensor is True, but self.use_nested_tensor is False because encoder_layer.norm_first was True
  warnings.warn(
/home/juser/.local/lib/python3.10/site-packages/torch/nn/modules/transformer.py:385: UserWarning: enable_nested_tensor is True, but self.use_nested_tensor is False because encoder_layer.norm_first was True
  warnings.warn(
/home/juser/.local/lib/python3.10/site-packages/torch/nn/modules/transformer.py:385: UserWarning: enable_nested_tensor is True, but self.use_nested_tensor is False because encoder_layer.norm_first was True
  warnings.warn(
/home/juser/.local/lib/python3.10/site-packages/torch/nn/modules/transformer.py:385: UserWarning: enable_nested_tensor is True, but self.use_nested_tensor is False because encoder_layer.norm_first was True
  warnings.warn(
/home/juser/.local/lib/python3.10/site-packages/torch/nn/modules/transformer.py:385: UserWarning: enable_nested_tensor is True, but self.use_nested_tensor is False because encoder_layer.norm_first was True
  warnings.warn(
/home/juser/.local/lib/python3.10/site-packages/torch/nn/modules/transformer.py:385: UserWarning: enable_nested_tensor is True, but self.use_nested_tensor is False because encoder_layer.norm_first was True
  warnings.warn(
/home/juser/.local/lib/python3.10/site-packages/torch/nn/modules/transformer.py:385: UserWarning: enable_nested_tensor is True, but self.use_nested_tensor is False because encoder_layer.norm_first was True
  warnings.warn(
/home/juser/.local/lib/python3.10/site-packages/torch/nn/modules/transformer.py:385: UserWarning: enable_nested_tensor is True, but self.use_nested_tensor is False because encoder_layer.norm_first was True
  warnings.warn(
============================================================
AUTOQUANT — LSTM Hybrid (PyTorch na cuda)
  Lookback: 168 świec, Timeframe: 1H
============================================================

Ładowanie danych (1h)...
  BTC/USDT: wczytano z cache (/home/juser/.cache/autoquant/data/BTC_USDT_binance_1h.parquet)
  ETH/USDT: wczytano z cache (/home/juser/.cache/autoquant/data/ETH_USDT_binance_1h.parquet)
  XMR/USDT: wczytano z cache (/home/juser/.cache/autoquant/data/XMR_USDT_bitfinex_1h.parquet)
  SOL/USDT: wczytano z cache (/home/juser/.cache/autoquant/data/SOL_USDT_binance_1h.parquet)
  TAO/USDT: wczytano z cache (/home/juser/.cache/autoquant/data/TAO_USDT_binance_1h.parquet)
  SPY: wczytano z cache (/home/juser/.cache/autoquant/data/SPY_1h.parquet)
  QQQ: wczytano z cache (/home/juser/.cache/autoquant/data/QQQ_1h.parquet)
  UUP: wczytano z cache (/home/juser/.cache/autoquant/data/UUP_1h.parquet)
  GLD: wczytano z cache (/home/juser/.cache/autoquant/data/GLD_1h.parquet)
  VIXY: wczytano z cache (/home/juser/.cache/autoquant/data/VIXY_1h.parquet)
  FED_RATE: wczytano z cache (/home/juser/.cache/autoquant/data/macro_FED_RATE.parquet)
  CPI: wczytano z cache (/home/juser/.cache/autoquant/data/macro_CPI.parquet)
  TREASURY_10Y: wczytano z cache (/home/juser/.cache/autoquant/data/macro_TREASURY_10Y.parquet)
  TREASURY_2Y: wczytano z cache (/home/juser/.cache/autoquant/data/macro_TREASURY_2Y.parquet)
  BTC/USDT FR: wczytano z cache
  ETH/USDT FR: wczytano z cache
  SOL/USDT FR: wczytano z cache
  Sentyment: pobieram z Alpha Vantage...
    Pobieram sentyment dla COIN:BTC...
    Pobieram sentyment dla COIN:ETH...
  ⚠ Sentyment: brak danych

Załadowano: 5 krypto, 5 ETF, 4 makro, 3 futures (FR+OI), 0 sentyment

  BTC/USDT:
    Train — Sharpe:   2.910  Return:  197.84%  MaxDD: -22.78%  Trades: 2036  Long/Short/Flat: 19%/15%/66%
    Val   — Sharpe:   1.461  Return:   26.65%  MaxDD: -12.35%  Trades: 1083  Long/Short/Flat: 20%/17%/63%
    B&H:  Train  237.14%  Val  -10.80%
    Score: 0.8002

  ETH/USDT:
    Train — Sharpe:   2.881  Return:  310.07%  MaxDD: -33.04%  Trades: 2162  Long/Short/Flat: 18%/17%/65%
    Val   — Sharpe:   3.990  Return:  192.08%  MaxDD: -12.38%  Trades: 960  Long/Short/Flat: 20%/15%/65%
    B&H:  Train   15.69%  Val   22.30%
    Score: 2.2172

  XMR/USDT:
    Train — Sharpe:   2.132  Return:  190.68%  MaxDD: -36.63%  Trades: 2820  Long/Short/Flat: 18%/16%/67%
    Val   — Sharpe:   3.689  Return:  241.17%  MaxDD: -13.86%  Trades: 1073  Long/Short/Flat: 19%/13%/69%
    B&H:  Train   42.35%  Val   75.97%
    Score: 1.5826

  SOL/USDT:
    Train — Sharpe:   3.967  Return: 1643.07%  MaxDD: -28.66%  Trades: 1960  Long/Short/Flat: 19%/14%/67%
    Val   — Sharpe:   3.068  Return:  157.96%  MaxDD: -20.71%  Trades: 1159  Long/Short/Flat: 22%/16%/62%
    B&H:  Train  557.47%  Val  -26.52%
    Score: 1.9379

  TAO/USDT:
    Train — Sharpe:   2.376  Return:  166.70%  MaxDD: -30.98%  Trades: 927  Long/Short/Flat: 18%/18%/64%
    Val   — Sharpe:   3.021  Return:  220.07%  MaxDD: -28.02%  Trades: 970  Long/Short/Flat: 17%/17%/66%
    B&H:  Train  -63.09%  Val   11.89%
    Score: 1.8255

score:        1.6727
assets:       5

============================================================
WYNIK KOŃCOWY (avg score): 1.6727
============================================================

Wykres zapisano → equity.png

📊 Zapisano wynik #96 → /home/juser/ej-aj/karpathy/autoquant/results.tsv
