============================================================
AUTOQUANT — LSTM Hybrid (PyTorch na cuda)
  Lookback: 168 świec, Timeframe: 1H
============================================================

Ładowanie danych (1h)...
  BTC/USDT: wczytano z cache (/home/juser/.cache/autoquant/data/BTC_USDT_binance_1h.parquet)
  ETH/USDT: wczytano z cache (/home/juser/.cache/autoquant/data/ETH_USDT_binance_1h.parquet)
  XMR/USDT: wczytano z cache (/home/juser/.cache/autoquant/data/XMR_USDT_bitfinex_1h.parquet)
  SOL/USDT: wczytano z cache (/home/juser/.cache/autoquant/data/SOL_USDT_binance_1h.parquet)
  TAO/USDT: wczytano z cache (/home/juser/.cache/autoquant/data/TAO_USDT_binance_1h.parquet)
  SPY: wczytano z cache (/home/juser/.cache/autoquant/data/SPY_1h.parquet)
  QQQ: wczytano z cache (/home/juser/.cache/autoquant/data/QQQ_1h.parquet)
  UUP: wczytano z cache (/home/juser/.cache/autoquant/data/UUP_1h.parquet)
  GLD: wczytano z cache (/home/juser/.cache/autoquant/data/GLD_1h.parquet)
  VIXY: wczytano z cache (/home/juser/.cache/autoquant/data/VIXY_1h.parquet)
  FED_RATE: wczytano z cache (/home/juser/.cache/autoquant/data/macro_FED_RATE.parquet)
  CPI: wczytano z cache (/home/juser/.cache/autoquant/data/macro_CPI.parquet)
  TREASURY_10Y: wczytano z cache (/home/juser/.cache/autoquant/data/macro_TREASURY_10Y.parquet)
  TREASURY_2Y: wczytano z cache (/home/juser/.cache/autoquant/data/macro_TREASURY_2Y.parquet)
  BTC/USDT FR: wczytano z cache
  ETH/USDT FR: wczytano z cache
  SOL/USDT FR: wczytano z cache
  Sentyment: pobieram z Alpha Vantage...
    Pobieram sentyment dla COIN:BTC...
    Pobieram sentyment dla COIN:ETH...
  ⚠ Sentyment: brak danych

Załadowano: 5 krypto, 5 ETF, 4 makro, 3 futures (FR+OI), 0 sentyment

  BTC/USDT:
    Train — Sharpe:   3.610  Return:  264.78%  MaxDD: -12.11%  Trades: 1611  Long/Short/Flat: 16%/14%/70%
    Val   — Sharpe:   1.595  Return:   27.59%  MaxDD: -11.39%  Trades: 814  Long/Short/Flat: 17%/14%/69%
    B&H:  Train  237.14%  Val  -10.80%
    Score: 0.8024

  ETH/USDT:
    Train — Sharpe:   4.323  Return:  625.17%  MaxDD: -12.47%  Trades: 1687  Long/Short/Flat: 16%/14%/70%
    Val   — Sharpe:   4.023  Return:  175.07%  MaxDD: -11.20%  Trades: 710  Long/Short/Flat: 16%/13%/70%
    B&H:  Train   15.69%  Val   22.30%
    Score: 2.5712

  XMR/USDT:
    Train — Sharpe:   0.369  Return:   12.58%  MaxDD: -28.84%  Trades: 1702  Long/Short/Flat: 15%/12%/74%
    Val   — Sharpe:   3.987  Return:  218.35%  MaxDD: -10.25%  Trades: 863  Long/Short/Flat: 16%/12%/73%
    B&H:  Train   42.35%  Val   75.97%
    Score: 0.0

  SOL/USDT:
    Train — Sharpe:   2.853  Return:  480.69%  MaxDD: -12.44%  Trades: 1164  Long/Short/Flat: 16%/13%/71%
    Val   — Sharpe:   2.945  Return:  131.82%  MaxDD: -12.93%  Trades: 838  Long/Short/Flat: 16%/15%/69%
    B&H:  Train  557.47%  Val  -26.52%
    Score: 2.0129

  TAO/USDT:
    Train — Sharpe:   2.667  Return:  187.91%  MaxDD: -18.50%  Trades: 615  Long/Short/Flat: 13%/17%/70%
    Val   — Sharpe:   3.038  Return:  202.83%  MaxDD: -15.99%  Trades: 736  Long/Short/Flat: 15%/15%/70%
    B&H:  Train  -63.09%  Val   11.89%
    Score: 1.9373

score:        1.4648
assets:       5

============================================================
WYNIK KOŃCOWY (avg score): 1.4648
============================================================

Wykres zapisano → equity.png

📊 Zapisano wynik #100 → /home/juser/ej-aj/karpathy/autoquant/results.tsv
