============================================================
AUTOQUANT — LSTM Hybrid (PyTorch na cuda)
  Lookback: 168 świec, Timeframe: 1H
============================================================

Ładowanie danych (1h)...
  BTC/USDT: wczytano z cache (/home/juser/.cache/autoquant/data/BTC_USDT_binance_1h.parquet)
  ETH/USDT: wczytano z cache (/home/juser/.cache/autoquant/data/ETH_USDT_binance_1h.parquet)
  XMR/USDT: wczytano z cache (/home/juser/.cache/autoquant/data/XMR_USDT_bitfinex_1h.parquet)
  SOL/USDT: wczytano z cache (/home/juser/.cache/autoquant/data/SOL_USDT_binance_1h.parquet)
  TAO/USDT: wczytano z cache (/home/juser/.cache/autoquant/data/TAO_USDT_binance_1h.parquet)
  SPY: wczytano z cache (/home/juser/.cache/autoquant/data/SPY_1h.parquet)
  QQQ: wczytano z cache (/home/juser/.cache/autoquant/data/QQQ_1h.parquet)
  UUP: wczytano z cache (/home/juser/.cache/autoquant/data/UUP_1h.parquet)
  GLD: wczytano z cache (/home/juser/.cache/autoquant/data/GLD_1h.parquet)
  VIXY: wczytano z cache (/home/juser/.cache/autoquant/data/VIXY_1h.parquet)
  FED_RATE: wczytano z cache (/home/juser/.cache/autoquant/data/macro_FED_RATE.parquet)
  CPI: wczytano z cache (/home/juser/.cache/autoquant/data/macro_CPI.parquet)
  TREASURY_10Y: wczytano z cache (/home/juser/.cache/autoquant/data/macro_TREASURY_10Y.parquet)
  TREASURY_2Y: wczytano z cache (/home/juser/.cache/autoquant/data/macro_TREASURY_2Y.parquet)
  BTC/USDT FR: wczytano z cache
  ETH/USDT FR: wczytano z cache
  SOL/USDT FR: wczytano z cache
  Sentyment: pobieram z Alpha Vantage...
    Pobieram sentyment dla COIN:BTC...
    Pobieram sentyment dla COIN:ETH...
  ⚠ Sentyment: brak danych

Załadowano: 5 krypto, 5 ETF, 4 makro, 3 futures (FR+OI), 0 sentyment

  BTC/USDT:
    Train — Sharpe:   5.615  Return:  848.69%  MaxDD:  -6.25%  Trades: 2625  Long/Short/Flat: 20%/18%/63%
    Val   — Sharpe:   2.642  Return:   55.39%  MaxDD: -11.89%  Trades: 1222  Long/Short/Flat: 19%/17%/64%
    B&H:  Train  237.14%  Val  -10.80%
    Score: 1.3315

  ETH/USDT:
    Train — Sharpe:   5.657  Return: 1658.88%  MaxDD: -11.81%  Trades: 2805  Long/Short/Flat: 20%/19%/61%
    Val   — Sharpe:   5.351  Return:  379.88%  MaxDD: -10.87%  Trades: 1248  Long/Short/Flat: 19%/17%/64%
    B&H:  Train   15.69%  Val   22.30%
    Score: 3.699

  XMR/USDT:
    Train — Sharpe:   3.904  Return:  671.96%  MaxDD: -10.84%  Trades: 3263  Long/Short/Flat: 18%/16%/66%
    Val   — Sharpe:   7.581  Return: 1286.62%  MaxDD:  -7.67%  Trades: 1617  Long/Short/Flat: 21%/18%/61%
    B&H:  Train   42.35%  Val   75.97%
    Score: 3.4406

  SOL/USDT:
    Train — Sharpe:   5.947  Return: 11815.76%  MaxDD: -13.23%  Trades: 2827  Long/Short/Flat: 19%/19%/62%
    Val   — Sharpe:   4.290  Return:  305.49%  MaxDD: -10.16%  Trades: 1373  Long/Short/Flat: 20%/18%/62%
    B&H:  Train  557.47%  Val  -26.52%
    Score: 2.6431

  TAO/USDT:
    Train — Sharpe:   4.199  Return:  535.71%  MaxDD: -16.92%  Trades: 863  Long/Short/Flat: 17%/20%/63%
    Val   — Sharpe:   6.100  Return: 1257.18%  MaxDD: -13.23%  Trades: 1233  Long/Short/Flat: 19%/20%/61%
    B&H:  Train  -63.09%  Val   11.89%
    Score: 4.267

score:        3.0762
assets:       5

============================================================
WYNIK KOŃCOWY (avg score): 3.0762
============================================================

Wykres zapisano → equity.png

📊 Zapisano wynik #117 → /home/juser/ej-aj/karpathy/autoquant/results.tsv
