============================================================
AUTOQUANT — LSTM Hybrid (PyTorch na cuda)
  Lookback: 168 świec, Timeframe: 1H
============================================================

Ładowanie danych (1h)...
  BTC/USDT: wczytano z cache (/home/juser/.cache/autoquant/data/BTC_USDT_binance_1h.parquet)
  ETH/USDT: wczytano z cache (/home/juser/.cache/autoquant/data/ETH_USDT_binance_1h.parquet)
  XMR/USDT: wczytano z cache (/home/juser/.cache/autoquant/data/XMR_USDT_bitfinex_1h.parquet)
  SOL/USDT: wczytano z cache (/home/juser/.cache/autoquant/data/SOL_USDT_binance_1h.parquet)
  TAO/USDT: wczytano z cache (/home/juser/.cache/autoquant/data/TAO_USDT_binance_1h.parquet)
  SPY: wczytano z cache (/home/juser/.cache/autoquant/data/SPY_1h.parquet)
  QQQ: wczytano z cache (/home/juser/.cache/autoquant/data/QQQ_1h.parquet)
  UUP: wczytano z cache (/home/juser/.cache/autoquant/data/UUP_1h.parquet)
  GLD: wczytano z cache (/home/juser/.cache/autoquant/data/GLD_1h.parquet)
  VIXY: wczytano z cache (/home/juser/.cache/autoquant/data/VIXY_1h.parquet)
  FED_RATE: wczytano z cache (/home/juser/.cache/autoquant/data/macro_FED_RATE.parquet)
  CPI: wczytano z cache (/home/juser/.cache/autoquant/data/macro_CPI.parquet)
  TREASURY_10Y: wczytano z cache (/home/juser/.cache/autoquant/data/macro_TREASURY_10Y.parquet)
  TREASURY_2Y: wczytano z cache (/home/juser/.cache/autoquant/data/macro_TREASURY_2Y.parquet)
  BTC/USDT FR: wczytano z cache
  ETH/USDT FR: wczytano z cache
  SOL/USDT FR: wczytano z cache
  Sentyment: pobieram z Alpha Vantage...
    Pobieram sentyment dla COIN:BTC...
    Pobieram sentyment dla COIN:ETH...
  ⚠ Sentyment: brak danych

Załadowano: 5 krypto, 5 ETF, 4 makro, 3 futures (FR+OI), 0 sentyment

  BTC/USDT:
    Train — Sharpe:   3.695  Return:  278.96%  MaxDD: -12.24%  Trades: 1631  Long/Short/Flat: 17%/14%/70%
    Val   — Sharpe:   1.879  Return:   34.20%  MaxDD: -11.81%  Trades: 937  Long/Short/Flat: 17%/15%/68%
    B&H:  Train  237.14%  Val  -10.80%
    Score: 0.9723

  ETH/USDT:
    Train — Sharpe:   2.863  Return:  267.67%  MaxDD: -11.41%  Trades: 1385  Long/Short/Flat: 16%/14%/70%
    Val   — Sharpe:   4.554  Return:  223.17%  MaxDD: -11.53%  Trades: 779  Long/Short/Flat: 17%/14%/69%
    B&H:  Train   15.69%  Val   22.30%
    Score: 2.1583

  XMR/USDT:
    Train — Sharpe:   3.297  Return:  376.75%  MaxDD: -12.03%  Trades: 2655  Long/Short/Flat: 16%/13%/71%
    Val   — Sharpe:   5.033  Return:  344.63%  MaxDD:  -9.43%  Trades: 977  Long/Short/Flat: 16%/12%/72%
    B&H:  Train   42.35%  Val   75.97%
    Score: 2.5355

  SOL/USDT:
    Train — Sharpe:   4.831  Return: 2781.67%  MaxDD: -13.44%  Trades: 1789  Long/Short/Flat: 17%/14%/69%
    Val   — Sharpe:   0.533  Return:    9.68%  MaxDD: -18.01%  Trades: 360  Long/Short/Flat: 13%/2%/86%
    B&H:  Train  557.47%  Val  -26.52%
    Score: 0.267

  TAO/USDT:
    Train — Sharpe:   2.779  Return:  201.39%  MaxDD: -20.33%  Trades: 633  Long/Short/Flat: 14%/17%/69%
    Val   — Sharpe:   3.824  Return:  319.87%  MaxDD: -15.99%  Trades: 822  Long/Short/Flat: 15%/16%/70%
    B&H:  Train  -63.09%  Val   11.89%
    Score: 2.1821

score:        1.623
assets:       5

============================================================
WYNIK KOŃCOWY (avg score): 1.623
============================================================

Wykres zapisano → equity.png

📊 Zapisano wynik #104 → /home/juser/ej-aj/karpathy/autoquant/results.tsv
