============================================================
AUTOQUANT — LSTM Hybrid (PyTorch na cuda)
  Lookback: 168 świec, Timeframe: 1H
============================================================

Ładowanie danych (1h)...
  BTC/USDT: wczytano z cache (/home/juser/.cache/autoquant/data/BTC_USDT_binance_1h.parquet)
  ETH/USDT: wczytano z cache (/home/juser/.cache/autoquant/data/ETH_USDT_binance_1h.parquet)
  XMR/USDT: wczytano z cache (/home/juser/.cache/autoquant/data/XMR_USDT_bitfinex_1h.parquet)
  SOL/USDT: wczytano z cache (/home/juser/.cache/autoquant/data/SOL_USDT_binance_1h.parquet)
  TAO/USDT: wczytano z cache (/home/juser/.cache/autoquant/data/TAO_USDT_binance_1h.parquet)
  SPY: wczytano z cache (/home/juser/.cache/autoquant/data/SPY_1h.parquet)
  QQQ: wczytano z cache (/home/juser/.cache/autoquant/data/QQQ_1h.parquet)
  UUP: wczytano z cache (/home/juser/.cache/autoquant/data/UUP_1h.parquet)
  GLD: wczytano z cache (/home/juser/.cache/autoquant/data/GLD_1h.parquet)
  VIXY: wczytano z cache (/home/juser/.cache/autoquant/data/VIXY_1h.parquet)
  FED_RATE: wczytano z cache (/home/juser/.cache/autoquant/data/macro_FED_RATE.parquet)
  CPI: wczytano z cache (/home/juser/.cache/autoquant/data/macro_CPI.parquet)
  TREASURY_10Y: wczytano z cache (/home/juser/.cache/autoquant/data/macro_TREASURY_10Y.parquet)
  TREASURY_2Y: wczytano z cache (/home/juser/.cache/autoquant/data/macro_TREASURY_2Y.parquet)
  BTC/USDT FR: wczytano z cache
  ETH/USDT FR: wczytano z cache
  SOL/USDT FR: wczytano z cache
  Sentyment: pobieram z Alpha Vantage...
    Pobieram sentyment dla COIN:BTC...
    Pobieram sentyment dla COIN:ETH...
  ⚠ Sentyment: brak danych

Załadowano: 5 krypto, 5 ETF, 4 makro, 3 futures (FR+OI), 0 sentyment

  BTC/USDT:
    Train — Sharpe:   4.697  Return:  499.68%  MaxDD:  -8.45%  Trades: 1844  Long/Short/Flat: 17%/14%/68%
    Val   — Sharpe:   3.396  Return:   71.94%  MaxDD: -10.20%  Trades: 1348  Long/Short/Flat: 18%/16%/66%
    B&H:  Train  237.14%  Val  -10.80%
    Score: 1.9373

  ETH/USDT:
    Train — Sharpe:   5.174  Return: 1073.02%  MaxDD:  -9.36%  Trades: 2099  Long/Short/Flat: 17%/16%/67%
    Val   — Sharpe:   4.036  Return:  202.01%  MaxDD: -13.13%  Trades: 838  Long/Short/Flat: 17%/14%/69%
    B&H:  Train   15.69%  Val   22.30%
    Score: 2.4253

  XMR/USDT:
    Train — Sharpe:   4.011  Return:  658.17%  MaxDD: -10.15%  Trades: 3224  Long/Short/Flat: 16%/14%/70%
    Val   — Sharpe:   8.377  Return: 1893.57%  MaxDD:  -7.55%  Trades: 1723  Long/Short/Flat: 19%/16%/65%
    B&H:  Train   42.35%  Val   75.97%
    Score: 3.6396

  SOL/USDT:
    Train — Sharpe:   6.486  Return: 15141.84%  MaxDD: -12.68%  Trades: 2865  Long/Short/Flat: 17%/17%/66%
    Val   — Sharpe:   4.759  Return:  336.01%  MaxDD: -10.18%  Trades: 1494  Long/Short/Flat: 18%/16%/66%
    B&H:  Train  557.47%  Val  -26.52%
    Score: 2.9194

  TAO/USDT:
    Train — Sharpe:   4.452  Return:  577.45%  MaxDD: -21.35%  Trades: 858  Long/Short/Flat: 16%/19%/65%
    Val   — Sharpe:   7.532  Return: 2246.71%  MaxDD: -12.07%  Trades: 1382  Long/Short/Flat: 18%/18%/64%
    B&H:  Train  -63.09%  Val   11.89%
    Score: 5.112

score:        3.2067
assets:       5

============================================================
WYNIK KOŃCOWY (avg score): 3.2067
============================================================

Wykres zapisano → equity.png

📊 Zapisano wynik #116 → /home/juser/ej-aj/karpathy/autoquant/results.tsv
