============================================================
AUTOQUANT — LSTM Hybrid (PyTorch na cuda)
  Lookback: 168 świec, Timeframe: 1H
============================================================

Ładowanie danych (1h)...
  BTC/USDT: wczytano z cache (/home/juser/.cache/autoquant/data/BTC_USDT_binance_1h.parquet)
  ETH/USDT: wczytano z cache (/home/juser/.cache/autoquant/data/ETH_USDT_binance_1h.parquet)
  XMR/USDT: wczytano z cache (/home/juser/.cache/autoquant/data/XMR_USDT_bitfinex_1h.parquet)
  SOL/USDT: wczytano z cache (/home/juser/.cache/autoquant/data/SOL_USDT_binance_1h.parquet)
  TAO/USDT: wczytano z cache (/home/juser/.cache/autoquant/data/TAO_USDT_binance_1h.parquet)
  SPY: wczytano z cache (/home/juser/.cache/autoquant/data/SPY_1h.parquet)
  QQQ: wczytano z cache (/home/juser/.cache/autoquant/data/QQQ_1h.parquet)
  UUP: wczytano z cache (/home/juser/.cache/autoquant/data/UUP_1h.parquet)
  GLD: wczytano z cache (/home/juser/.cache/autoquant/data/GLD_1h.parquet)
  VIXY: wczytano z cache (/home/juser/.cache/autoquant/data/VIXY_1h.parquet)
  FED_RATE: wczytano z cache (/home/juser/.cache/autoquant/data/macro_FED_RATE.parquet)
  CPI: wczytano z cache (/home/juser/.cache/autoquant/data/macro_CPI.parquet)
  TREASURY_10Y: wczytano z cache (/home/juser/.cache/autoquant/data/macro_TREASURY_10Y.parquet)
  TREASURY_2Y: wczytano z cache (/home/juser/.cache/autoquant/data/macro_TREASURY_2Y.parquet)
  BTC/USDT FR: wczytano z cache
  ETH/USDT FR: wczytano z cache
  SOL/USDT FR: wczytano z cache
  Sentyment: pobieram z Alpha Vantage...
    Pobieram sentyment dla COIN:BTC...
    Pobieram sentyment dla COIN:ETH...
  ⚠ Sentyment: brak danych

Załadowano: 5 krypto, 5 ETF, 4 makro, 3 futures (FR+OI), 0 sentyment

  BTC/USDT:
    Train — Sharpe:   5.736  Return:  839.81%  MaxDD:  -6.38%  Trades: 2451  Long/Short/Flat: 18%/14%/68%
    Val   — Sharpe:   3.241  Return:   68.75%  MaxDD: -10.65%  Trades: 1236  Long/Short/Flat: 17%/16%/67%
    B&H:  Train  237.14%  Val  -10.80%
    Score: 1.6848

  ETH/USDT:
    Train — Sharpe:   5.810  Return: 1545.12%  MaxDD: -10.37%  Trades: 2698  Long/Short/Flat: 18%/16%/67%
    Val   — Sharpe:   5.493  Return:  364.63%  MaxDD: -10.63%  Trades: 1069  Long/Short/Flat: 18%/15%/68%
    B&H:  Train   15.69%  Val   22.30%
    Score: 3.7466

  XMR/USDT:
    Train — Sharpe:   3.851  Return:  588.23%  MaxDD: -10.17%  Trades: 3137  Long/Short/Flat: 16%/14%/70%
    Val   — Sharpe:   7.625  Return: 1129.58%  MaxDD:  -8.09%  Trades: 1460  Long/Short/Flat: 18%/15%/67%
    B&H:  Train   42.35%  Val   75.97%
    Score: 3.168

  SOL/USDT:
    Train — Sharpe:   6.386  Return: 13975.88%  MaxDD: -12.68%  Trades: 2800  Long/Short/Flat: 17%/17%/66%
    Val   — Sharpe:   4.385  Return:  285.57%  MaxDD: -10.77%  Trades: 1307  Long/Short/Flat: 18%/16%/66%
    B&H:  Train  557.47%  Val  -26.52%
    Score: 2.5839

  TAO/USDT:
    Train — Sharpe:   6.626  Return: 1801.77%  MaxDD: -15.51%  Trades: 997  Long/Short/Flat: 16%/20%/64%
    Val   — Sharpe:   6.600  Return: 1392.13%  MaxDD: -13.65%  Trades: 1253  Long/Short/Flat: 18%/18%/64%
    B&H:  Train  -63.09%  Val   11.89%
    Score: 5.943

score:        3.4253
assets:       5

============================================================
WYNIK KOŃCOWY (avg score): 3.4253
============================================================

Wykres zapisano → equity.png

📊 Zapisano wynik #114 → /home/juser/ej-aj/karpathy/autoquant/results.tsv
