/home/juser/.local/lib/python3.10/site-packages/torch/nn/modules/transformer.py:385: UserWarning: enable_nested_tensor is True, but self.use_nested_tensor is False because encoder_layer.norm_first was True
  warnings.warn(
/home/juser/.local/lib/python3.10/site-packages/torch/nn/modules/transformer.py:385: UserWarning: enable_nested_tensor is True, but self.use_nested_tensor is False because encoder_layer.norm_first was True
  warnings.warn(
/home/juser/.local/lib/python3.10/site-packages/torch/nn/modules/transformer.py:385: UserWarning: enable_nested_tensor is True, but self.use_nested_tensor is False because encoder_layer.norm_first was True
  warnings.warn(
/home/juser/.local/lib/python3.10/site-packages/torch/nn/modules/transformer.py:385: UserWarning: enable_nested_tensor is True, but self.use_nested_tensor is False because encoder_layer.norm_first was True
  warnings.warn(
/home/juser/.local/lib/python3.10/site-packages/torch/nn/modules/transformer.py:385: UserWarning: enable_nested_tensor is True, but self.use_nested_tensor is False because encoder_layer.norm_first was True
  warnings.warn(
/home/juser/.local/lib/python3.10/site-packages/torch/nn/modules/transformer.py:385: UserWarning: enable_nested_tensor is True, but self.use_nested_tensor is False because encoder_layer.norm_first was True
  warnings.warn(
/home/juser/.local/lib/python3.10/site-packages/torch/nn/modules/transformer.py:385: UserWarning: enable_nested_tensor is True, but self.use_nested_tensor is False because encoder_layer.norm_first was True
  warnings.warn(
/home/juser/.local/lib/python3.10/site-packages/torch/nn/modules/transformer.py:385: UserWarning: enable_nested_tensor is True, but self.use_nested_tensor is False because encoder_layer.norm_first was True
  warnings.warn(
/home/juser/.local/lib/python3.10/site-packages/torch/nn/modules/transformer.py:385: UserWarning: enable_nested_tensor is True, but self.use_nested_tensor is False because encoder_layer.norm_first was True
  warnings.warn(
/home/juser/.local/lib/python3.10/site-packages/torch/nn/modules/transformer.py:385: UserWarning: enable_nested_tensor is True, but self.use_nested_tensor is False because encoder_layer.norm_first was True
  warnings.warn(
/home/juser/.local/lib/python3.10/site-packages/torch/nn/modules/transformer.py:385: UserWarning: enable_nested_tensor is True, but self.use_nested_tensor is False because encoder_layer.norm_first was True
  warnings.warn(
============================================================
AUTOQUANT — LSTM Hybrid (PyTorch na cuda)
  Lookback: 168 świec, Timeframe: 1H
============================================================

Ładowanie danych (1h)...
  BTC/USDT: wczytano z cache (/home/juser/.cache/autoquant/data/BTC_USDT_binance_1h.parquet)
  ETH/USDT: wczytano z cache (/home/juser/.cache/autoquant/data/ETH_USDT_binance_1h.parquet)
  XMR/USDT: wczytano z cache (/home/juser/.cache/autoquant/data/XMR_USDT_bitfinex_1h.parquet)
  SOL/USDT: wczytano z cache (/home/juser/.cache/autoquant/data/SOL_USDT_binance_1h.parquet)
  TAO/USDT: wczytano z cache (/home/juser/.cache/autoquant/data/TAO_USDT_binance_1h.parquet)
  SPY: wczytano z cache (/home/juser/.cache/autoquant/data/SPY_1h.parquet)
  QQQ: wczytano z cache (/home/juser/.cache/autoquant/data/QQQ_1h.parquet)
  UUP: wczytano z cache (/home/juser/.cache/autoquant/data/UUP_1h.parquet)
  GLD: wczytano z cache (/home/juser/.cache/autoquant/data/GLD_1h.parquet)
  VIXY: wczytano z cache (/home/juser/.cache/autoquant/data/VIXY_1h.parquet)
  FED_RATE: wczytano z cache (/home/juser/.cache/autoquant/data/macro_FED_RATE.parquet)
  CPI: wczytano z cache (/home/juser/.cache/autoquant/data/macro_CPI.parquet)
  TREASURY_10Y: wczytano z cache (/home/juser/.cache/autoquant/data/macro_TREASURY_10Y.parquet)
  TREASURY_2Y: wczytano z cache (/home/juser/.cache/autoquant/data/macro_TREASURY_2Y.parquet)
  BTC/USDT FR: wczytano z cache
  ETH/USDT FR: wczytano z cache
  SOL/USDT FR: wczytano z cache
  Sentyment: pobieram z Alpha Vantage...
    Pobieram sentyment dla COIN:BTC...
    Pobieram sentyment dla COIN:ETH...
  ⚠ Sentyment: brak danych

Załadowano: 5 krypto, 5 ETF, 4 makro, 3 futures (FR+OI), 0 sentyment

  BTC/USDT:
    Train — Sharpe:   2.960  Return:  118.06%  MaxDD: -11.59%  Trades: 7996  Long/Short/Flat: 22%/18%/59%
    Val   — Sharpe:   1.869  Return:   23.26%  MaxDD:  -7.11%  Trades: 4176  Long/Short/Flat: 24%/19%/57%
    B&H:  Train  237.14%  Val  -10.80%
    Score: 1.056

  ETH/USDT:
    Train — Sharpe:   3.218  Return:  215.11%  MaxDD: -17.02%  Trades: 8037  Long/Short/Flat: 21%/20%/59%
    Val   — Sharpe:   3.189  Return:   73.84%  MaxDD:  -9.54%  Trades: 3830  Long/Short/Flat: 22%/17%/61%
    B&H:  Train   15.69%  Val   22.30%
    Score: 2.1374

  XMR/USDT:
    Train — Sharpe:   1.643  Return:   81.48%  MaxDD: -20.74%  Trades: 7595  Long/Short/Flat: 21%/17%/62%
    Val   — Sharpe:   3.871  Return:  131.12%  MaxDD:  -8.48%  Trades: 3771  Long/Short/Flat: 22%/16%/62%
    B&H:  Train   42.35%  Val   75.97%
    Score: 0.7988

  SOL/USDT:
    Train — Sharpe:   3.926  Return:  533.68%  MaxDD: -17.28%  Trades: 7780  Long/Short/Flat: 22%/18%/60%
    Val   — Sharpe:   3.452  Return:  116.83%  MaxDD: -11.17%  Trades: 4191  Long/Short/Flat: 25%/18%/57%
    B&H:  Train  557.47%  Val  -26.52%
    Score: 2.3159

  TAO/USDT:
    Train — Sharpe:   2.914  Return:  130.06%  MaxDD: -19.16%  Trades: 3526  Long/Short/Flat: 20%/19%/61%
    Val   — Sharpe:   3.827  Return:  179.38%  MaxDD: -11.80%  Trades: 3779  Long/Short/Flat: 19%/19%/61%
    B&H:  Train  -63.09%  Val   11.89%
    Score: 2.1649

score:        1.6946
assets:       5

============================================================
WYNIK KOŃCOWY (avg score): 1.6946
============================================================

Wykres zapisano → equity.png

📊 Zapisano wynik #95 → /home/juser/ej-aj/karpathy/autoquant/results.tsv
