============================================================
AUTOQUANT — LSTM Hybrid (PyTorch na cuda)
  Lookback: 168 świec, Timeframe: 1H
============================================================

Ładowanie danych (1h)...
  BTC/USDT: wczytano z cache (/home/juser/.cache/autoquant/data/BTC_USDT_binance_1h.parquet)
  ETH/USDT: wczytano z cache (/home/juser/.cache/autoquant/data/ETH_USDT_binance_1h.parquet)
  XMR/USDT: wczytano z cache (/home/juser/.cache/autoquant/data/XMR_USDT_bitfinex_1h.parquet)
  SOL/USDT: wczytano z cache (/home/juser/.cache/autoquant/data/SOL_USDT_binance_1h.parquet)
  TAO/USDT: wczytano z cache (/home/juser/.cache/autoquant/data/TAO_USDT_binance_1h.parquet)
  SPY: wczytano z cache (/home/juser/.cache/autoquant/data/SPY_1h.parquet)
  QQQ: wczytano z cache (/home/juser/.cache/autoquant/data/QQQ_1h.parquet)
  UUP: wczytano z cache (/home/juser/.cache/autoquant/data/UUP_1h.parquet)
  GLD: wczytano z cache (/home/juser/.cache/autoquant/data/GLD_1h.parquet)
  VIXY: wczytano z cache (/home/juser/.cache/autoquant/data/VIXY_1h.parquet)
  FED_RATE: wczytano z cache (/home/juser/.cache/autoquant/data/macro_FED_RATE.parquet)
  CPI: wczytano z cache (/home/juser/.cache/autoquant/data/macro_CPI.parquet)
  TREASURY_10Y: wczytano z cache (/home/juser/.cache/autoquant/data/macro_TREASURY_10Y.parquet)
  TREASURY_2Y: wczytano z cache (/home/juser/.cache/autoquant/data/macro_TREASURY_2Y.parquet)
  BTC/USDT FR: wczytano z cache
  ETH/USDT FR: wczytano z cache
  SOL/USDT FR: wczytano z cache
  Sentyment: pobieram z Alpha Vantage...
    Pobieram sentyment dla COIN:BTC...
    Pobieram sentyment dla COIN:ETH...
  ⚠ Sentyment: brak danych

Załadowano: 5 krypto, 5 ETF, 4 makro, 3 futures (FR+OI), 0 sentyment

  BTC/USDT:
    Train — Sharpe:   5.824  Return:  877.99%  MaxDD:  -6.24%  Trades: 2410  Long/Short/Flat: 18%/14%/68%
    Val   — Sharpe:   2.836  Return:   57.90%  MaxDD: -10.99%  Trades: 1175  Long/Short/Flat: 17%/16%/67%
    B&H:  Train  237.14%  Val  -10.80%
    Score: 1.41

  ETH/USDT:
    Train — Sharpe:   5.819  Return: 1555.46%  MaxDD:  -9.60%  Trades: 2566  Long/Short/Flat: 18%/16%/67%
    Val   — Sharpe:   5.598  Return:  371.31%  MaxDD: -10.72%  Trades: 1105  Long/Short/Flat: 18%/15%/68%
    B&H:  Train   15.69%  Val   22.30%
    Score: 3.8376

  XMR/USDT:
    Train — Sharpe:   3.927  Return:  620.68%  MaxDD: -10.32%  Trades: 3147  Long/Short/Flat: 16%/14%/70%
    Val   — Sharpe:   7.811  Return: 1205.11%  MaxDD:  -7.63%  Trades: 1511  Long/Short/Flat: 18%/15%/67%
    B&H:  Train   42.35%  Val   75.97%
    Score: 3.2604

  SOL/USDT:
    Train — Sharpe:   6.282  Return: 12994.46%  MaxDD: -12.68%  Trades: 2730  Long/Short/Flat: 17%/17%/66%
    Val   — Sharpe:   4.117  Return:  249.10%  MaxDD: -11.03%  Trades: 1310  Long/Short/Flat: 18%/16%/66%
    B&H:  Train  557.47%  Val  -26.52%
    Score: 2.3613

  TAO/USDT:
    Train — Sharpe:   6.331  Return: 1487.89%  MaxDD: -16.34%  Trades: 886  Long/Short/Flat: 16%/19%/65%
    Val   — Sharpe:   6.982  Return: 1733.65%  MaxDD: -13.61%  Trades: 1238  Long/Short/Flat: 18%/18%/64%
    B&H:  Train  -63.09%  Val   11.89%
    Score: 6.3633

score:        3.4465
assets:       5

============================================================
WYNIK KOŃCOWY (avg score): 3.4465
============================================================

Wykres zapisano → equity.png

📊 Zapisano wynik #112 → /home/juser/ej-aj/karpathy/autoquant/results.tsv
