============================================================
AUTOQUANT — LSTM Hybrid (PyTorch na cuda)
  Lookback: 168 świec, Timeframe: 1H
============================================================

Ładowanie danych (1h)...
  BTC/USDT: wczytano z cache (/home/juser/.cache/autoquant/data/BTC_USDT_binance_1h.parquet)
  ETH/USDT: wczytano z cache (/home/juser/.cache/autoquant/data/ETH_USDT_binance_1h.parquet)
  XMR/USDT: wczytano z cache (/home/juser/.cache/autoquant/data/XMR_USDT_bitfinex_1h.parquet)
  SOL/USDT: wczytano z cache (/home/juser/.cache/autoquant/data/SOL_USDT_binance_1h.parquet)
  TAO/USDT: wczytano z cache (/home/juser/.cache/autoquant/data/TAO_USDT_binance_1h.parquet)
  SPY: wczytano z cache (/home/juser/.cache/autoquant/data/SPY_1h.parquet)
  QQQ: wczytano z cache (/home/juser/.cache/autoquant/data/QQQ_1h.parquet)
  UUP: wczytano z cache (/home/juser/.cache/autoquant/data/UUP_1h.parquet)
  GLD: wczytano z cache (/home/juser/.cache/autoquant/data/GLD_1h.parquet)
  VIXY: wczytano z cache (/home/juser/.cache/autoquant/data/VIXY_1h.parquet)
  FED_RATE: wczytano z cache (/home/juser/.cache/autoquant/data/macro_FED_RATE.parquet)
  CPI: wczytano z cache (/home/juser/.cache/autoquant/data/macro_CPI.parquet)
  TREASURY_10Y: wczytano z cache (/home/juser/.cache/autoquant/data/macro_TREASURY_10Y.parquet)
  TREASURY_2Y: wczytano z cache (/home/juser/.cache/autoquant/data/macro_TREASURY_2Y.parquet)
  BTC/USDT FR: wczytano z cache
  ETH/USDT FR: wczytano z cache
  SOL/USDT FR: wczytano z cache
  Sentyment: pobieram z Alpha Vantage...
    Pobieram sentyment dla COIN:BTC...
    Pobieram sentyment dla COIN:ETH...
  ⚠ Sentyment: brak danych

Załadowano: 5 krypto, 5 ETF, 4 makro, 3 futures (FR+OI), 0 sentyment

  BTC/USDT:
    Train — Sharpe:   1.846  Return:   98.01%  MaxDD: -22.10%  Trades: 1574  Long/Short/Flat: 19%/17%/64%
    Val   — Sharpe:   1.420  Return:   27.99%  MaxDD: -12.15%  Trades: 1009  Long/Short/Flat: 21%/18%/61%
    B&H:  Train  237.14%  Val  -10.80%
    Score: 0.9147

  ETH/USDT:
    Train — Sharpe:   3.453  Return:  466.56%  MaxDD: -20.83%  Trades: 2045  Long/Short/Flat: 20%/17%/64%
    Val   — Sharpe:   2.988  Return:  120.83%  MaxDD: -24.69%  Trades: 855  Long/Short/Flat: 20%/16%/64%
    B&H:  Train   15.69%  Val   22.30%
    Score: 1.893

  XMR/USDT:
    Train — Sharpe:   2.114  Return:  210.17%  MaxDD: -26.59%  Trades: 2863  Long/Short/Flat: 20%/16%/65%
    Val   — Sharpe:   3.280  Return:  190.37%  MaxDD: -22.15%  Trades: 1037  Long/Short/Flat: 19%/13%/68%
    B&H:  Train   42.35%  Val   75.97%
    Score: 1.5846

  SOL/USDT:
    Train — Sharpe:   4.253  Return: 2071.76%  MaxDD: -18.49%  Trades: 1954  Long/Short/Flat: 20%/16%/64%
    Val   — Sharpe:   3.111  Return:  164.81%  MaxDD: -14.46%  Trades: 1038  Long/Short/Flat: 20%/18%/62%
    B&H:  Train  557.47%  Val  -26.52%
    Score: 1.9344

  TAO/USDT:
    Train — Sharpe:   1.667  Return:   95.86%  MaxDD: -29.67%  Trades: 770  Long/Short/Flat: 18%/19%/63%
    Val   — Sharpe:   2.968  Return:  217.02%  MaxDD: -15.99%  Trades: 939  Long/Short/Flat: 19%/18%/63%
    B&H:  Train  -63.09%  Val   11.89%
    Score: 1.3029

score:        1.5259
assets:       5

============================================================
WYNIK KOŃCOWY (avg score): 1.5259
============================================================

Wykres zapisano → equity.png

📊 Zapisano wynik #98 → /home/juser/ej-aj/karpathy/autoquant/results.tsv
