============================================================
AUTOQUANT — LSTM Hybrid (PyTorch na cuda)
  Lookback: 168 świec, Timeframe: 1H
============================================================

Ładowanie danych (1h)...
  BTC/USDT: wczytano z cache (/home/juser/.cache/autoquant/data/BTC_USDT_binance_1h.parquet)
  ETH/USDT: wczytano z cache (/home/juser/.cache/autoquant/data/ETH_USDT_binance_1h.parquet)
  XMR/USDT: wczytano z cache (/home/juser/.cache/autoquant/data/XMR_USDT_bitfinex_1h.parquet)
  SOL/USDT: wczytano z cache (/home/juser/.cache/autoquant/data/SOL_USDT_binance_1h.parquet)
  TAO/USDT: wczytano z cache (/home/juser/.cache/autoquant/data/TAO_USDT_binance_1h.parquet)
  SPY: wczytano z cache (/home/juser/.cache/autoquant/data/SPY_1h.parquet)
  QQQ: wczytano z cache (/home/juser/.cache/autoquant/data/QQQ_1h.parquet)
  UUP: wczytano z cache (/home/juser/.cache/autoquant/data/UUP_1h.parquet)
  GLD: wczytano z cache (/home/juser/.cache/autoquant/data/GLD_1h.parquet)
  VIXY: wczytano z cache (/home/juser/.cache/autoquant/data/VIXY_1h.parquet)
  FED_RATE: wczytano z cache (/home/juser/.cache/autoquant/data/macro_FED_RATE.parquet)
  CPI: wczytano z cache (/home/juser/.cache/autoquant/data/macro_CPI.parquet)
  TREASURY_10Y: wczytano z cache (/home/juser/.cache/autoquant/data/macro_TREASURY_10Y.parquet)
  TREASURY_2Y: wczytano z cache (/home/juser/.cache/autoquant/data/macro_TREASURY_2Y.parquet)
  BTC/USDT FR: wczytano z cache
  ETH/USDT FR: wczytano z cache
  SOL/USDT FR: wczytano z cache
  Sentyment: pobieram z Alpha Vantage...
    Pobieram sentyment dla COIN:BTC...
    Pobieram sentyment dla COIN:ETH...
  ⚠ Sentyment: brak danych

Załadowano: 5 krypto, 5 ETF, 4 makro, 3 futures (FR+OI), 0 sentyment

  BTC/USDT:
    Train — Sharpe:   1.902  Return:   94.87%  MaxDD: -23.59%  Trades: 1454  Long/Short/Flat: 18%/15%/67%
    Val   — Sharpe:   0.639  Return:   10.03%  MaxDD: -13.32%  Trades: 924  Long/Short/Flat: 20%/17%/63%
    B&H:  Train  237.14%  Val  -10.80%
    Score: 0.3863

  ETH/USDT:
    Train — Sharpe:   3.235  Return:  380.33%  MaxDD: -16.56%  Trades: 1899  Long/Short/Flat: 19%/16%/65%
    Val   — Sharpe:   2.766  Return:  103.25%  MaxDD: -20.92%  Trades: 812  Long/Short/Flat: 19%/16%/65%
    B&H:  Train   15.69%  Val   22.30%
    Score: 1.7384

  XMR/USDT:
    Train — Sharpe:   2.300  Return:  222.28%  MaxDD: -25.00%  Trades: 2658  Long/Short/Flat: 19%/14%/67%
    Val   — Sharpe:   3.665  Return:  217.22%  MaxDD: -20.37%  Trades: 957  Long/Short/Flat: 19%/12%/69%
    B&H:  Train   42.35%  Val   75.97%
    Score: 1.7477

  SOL/USDT:
    Train — Sharpe:   3.299  Return:  864.11%  MaxDD: -31.90%  Trades: 1586  Long/Short/Flat: 18%/15%/67%
    Val   — Sharpe:   2.811  Return:  134.38%  MaxDD: -17.24%  Trades: 975  Long/Short/Flat: 21%/17%/62%
    B&H:  Train  557.47%  Val  -26.52%
    Score: 1.8651

  TAO/USDT:
    Train — Sharpe:   2.131  Return:  138.26%  MaxDD: -21.99%  Trades: 726  Long/Short/Flat: 17%/18%/65%
    Val   — Sharpe:   2.699  Return:  179.45%  MaxDD: -15.99%  Trades: 876  Long/Short/Flat: 19%/16%/65%
    B&H:  Train  -63.09%  Val   11.89%
    Score: 1.6561

score:        1.4787
assets:       5

============================================================
WYNIK KOŃCOWY (avg score): 1.4787
============================================================

Wykres zapisano → equity.png

📊 Zapisano wynik #97 → /home/juser/ej-aj/karpathy/autoquant/results.tsv
