============================================================
AUTOQUANT — LSTM Hybrid (PyTorch na cuda)
  Lookback: 168 świec, Timeframe: 1H
============================================================

Ładowanie danych (1h)...
  BTC/USDT: wczytano z cache (/home/juser/.cache/autoquant/data/BTC_USDT_binance_1h.parquet)
  ETH/USDT: wczytano z cache (/home/juser/.cache/autoquant/data/ETH_USDT_binance_1h.parquet)
  XMR/USDT: wczytano z cache (/home/juser/.cache/autoquant/data/XMR_USDT_bitfinex_1h.parquet)
  SOL/USDT: wczytano z cache (/home/juser/.cache/autoquant/data/SOL_USDT_binance_1h.parquet)
  TAO/USDT: wczytano z cache (/home/juser/.cache/autoquant/data/TAO_USDT_binance_1h.parquet)
  SPY: wczytano z cache (/home/juser/.cache/autoquant/data/SPY_1h.parquet)
  QQQ: wczytano z cache (/home/juser/.cache/autoquant/data/QQQ_1h.parquet)
  UUP: wczytano z cache (/home/juser/.cache/autoquant/data/UUP_1h.parquet)
  GLD: wczytano z cache (/home/juser/.cache/autoquant/data/GLD_1h.parquet)
  VIXY: wczytano z cache (/home/juser/.cache/autoquant/data/VIXY_1h.parquet)
  FED_RATE: wczytano z cache (/home/juser/.cache/autoquant/data/macro_FED_RATE.parquet)
  CPI: wczytano z cache (/home/juser/.cache/autoquant/data/macro_CPI.parquet)
  TREASURY_10Y: wczytano z cache (/home/juser/.cache/autoquant/data/macro_TREASURY_10Y.parquet)
  TREASURY_2Y: wczytano z cache (/home/juser/.cache/autoquant/data/macro_TREASURY_2Y.parquet)
  BTC/USDT FR: wczytano z cache
  ETH/USDT FR: wczytano z cache
  SOL/USDT FR: wczytano z cache
  Sentyment: pobieram z Alpha Vantage...
    Pobieram sentyment dla COIN:BTC...
    Pobieram sentyment dla COIN:ETH...
  ⚠ Sentyment: brak danych

Załadowano: 5 krypto, 5 ETF, 4 makro, 3 futures (FR+OI), 0 sentyment

  BTC/USDT:
    Train — Sharpe:   5.618  Return:  808.57%  MaxDD:  -6.36%  Trades: 2335  Long/Short/Flat: 18%/15%/68%
    Val   — Sharpe:   2.622  Return:   51.61%  MaxDD: -11.36%  Trades: 1125  Long/Short/Flat: 17%/16%/67%
    B&H:  Train  237.14%  Val  -10.80%
    Score: 1.2918

  ETH/USDT:
    Train — Sharpe:   5.721  Return: 1491.22%  MaxDD:  -9.93%  Trades: 2370  Long/Short/Flat: 17%/16%/67%
    Val   — Sharpe:   5.085  Return:  304.64%  MaxDD: -11.93%  Trades: 1054  Long/Short/Flat: 17%/15%/68%
    B&H:  Train   15.69%  Val   22.30%
    Score: 3.3032

  XMR/USDT:
    Train — Sharpe:   4.303  Return:  794.00%  MaxDD: -10.52%  Trades: 3158  Long/Short/Flat: 17%/14%/69%
    Val   — Sharpe:   7.686  Return: 1158.12%  MaxDD:  -7.63%  Trades: 1495  Long/Short/Flat: 19%/15%/66%
    B&H:  Train   42.35%  Val   75.97%
    Score: 3.8318

  SOL/USDT:
    Train — Sharpe:   6.181  Return: 12115.66%  MaxDD: -12.74%  Trades: 2669  Long/Short/Flat: 17%/17%/66%
    Val   — Sharpe:   4.267  Return:  269.64%  MaxDD: -10.42%  Trades: 1283  Long/Short/Flat: 18%/16%/66%
    B&H:  Train  557.47%  Val  -26.52%
    Score: 2.5104

  TAO/USDT:
    Train — Sharpe:   5.603  Return: 1037.50%  MaxDD: -19.35%  Trades: 865  Long/Short/Flat: 15%/19%/65%
    Val   — Sharpe:   6.876  Return: 1625.57%  MaxDD: -14.84%  Trades: 1236  Long/Short/Flat: 18%/18%/65%
    B&H:  Train  -63.09%  Val   11.89%
    Score: 5.7659

score:        3.3406
assets:       5

============================================================
WYNIK KOŃCOWY (avg score): 3.3406
============================================================

Wykres zapisano → equity.png

📊 Zapisano wynik #108 → /home/juser/ej-aj/karpathy/autoquant/results.tsv
  🏆 Zapisano 0 modeli → /home/juser/.cache/autoquant/best_model
