============================================================
AUTOQUANT — LSTM Hybrid (PyTorch na cuda)
  Lookback: 168 świec, Timeframe: 1H
============================================================

Ładowanie danych (1h)...
  BTC/USDT: wczytano z cache (/home/juser/.cache/autoquant/data/BTC_USDT_binance_1h.parquet)
  ETH/USDT: wczytano z cache (/home/juser/.cache/autoquant/data/ETH_USDT_binance_1h.parquet)
  XMR/USDT: wczytano z cache (/home/juser/.cache/autoquant/data/XMR_USDT_bitfinex_1h.parquet)
  SOL/USDT: wczytano z cache (/home/juser/.cache/autoquant/data/SOL_USDT_binance_1h.parquet)
  TAO/USDT: wczytano z cache (/home/juser/.cache/autoquant/data/TAO_USDT_binance_1h.parquet)
  SPY: wczytano z cache (/home/juser/.cache/autoquant/data/SPY_1h.parquet)
  QQQ: wczytano z cache (/home/juser/.cache/autoquant/data/QQQ_1h.parquet)
  UUP: wczytano z cache (/home/juser/.cache/autoquant/data/UUP_1h.parquet)
  GLD: wczytano z cache (/home/juser/.cache/autoquant/data/GLD_1h.parquet)
  VIXY: wczytano z cache (/home/juser/.cache/autoquant/data/VIXY_1h.parquet)
  FED_RATE: wczytano z cache (/home/juser/.cache/autoquant/data/macro_FED_RATE.parquet)
  CPI: wczytano z cache (/home/juser/.cache/autoquant/data/macro_CPI.parquet)
  TREASURY_10Y: wczytano z cache (/home/juser/.cache/autoquant/data/macro_TREASURY_10Y.parquet)
  TREASURY_2Y: wczytano z cache (/home/juser/.cache/autoquant/data/macro_TREASURY_2Y.parquet)
  BTC/USDT FR: wczytano z cache
  ETH/USDT FR: wczytano z cache
  SOL/USDT FR: wczytano z cache
  Sentyment: pobieram z Alpha Vantage...
    Pobieram sentyment dla COIN:BTC...
    Pobieram sentyment dla COIN:ETH...
  ⚠ Sentyment: brak danych

Załadowano: 5 krypto, 5 ETF, 4 makro, 3 futures (FR+OI), 0 sentyment

  BTC/USDT:
    Train — Sharpe:   9.647  Return: 8386.65%  MaxDD:  -6.21%  Trades: 2919  Long/Short/Flat: 18%/17%/65%
    Val   — Sharpe:   7.554  Return:  354.01%  MaxDD:  -5.11%  Trades: 1546  Long/Short/Flat: 20%/18%/62%
    B&H:  Train  237.14%  Val  -10.80%
    Score: 4.7005

  ETH/USDT:
    Train — Sharpe:   9.759  Return: 28615.57%  MaxDD:  -5.54%  Trades: 3372  Long/Short/Flat: 20%/19%/62%
    Val   — Sharpe:  11.830  Return: 5660.68%  MaxDD:  -5.06%  Trades: 1753  Long/Short/Flat: 20%/18%/62%
    B&H:  Train   15.69%  Val   22.30%
    Score: 14.5287

  XMR/USDT:
    Train — Sharpe:   8.072  Return: 14282.50%  MaxDD:  -9.54%  Trades: 4390  Long/Short/Flat: 19%/18%/63%
    Val   — Sharpe:  11.735  Return: 26308.47%  MaxDD:  -5.26%  Trades: 2429  Long/Short/Flat: 23%/19%/58%
    B&H:  Train   42.35%  Val   75.97%
    Score: 36.5557

  SOL/USDT:
    Train — Sharpe:  12.427  Return: 13472291.32%  MaxDD:  -8.41%  Trades: 4178  Long/Short/Flat: 22%/20%/58%
    Val   — Sharpe:  11.445  Return: 6106.23%  MaxDD:  -9.39%  Trades: 2053  Long/Short/Flat: 21%/20%/58%
    B&H:  Train  557.47%  Val  -26.52%
    Score: 15.5963

  TAO/USDT:
    Train — Sharpe:  12.071  Return: 64309.95%  MaxDD:  -8.53%  Trades: 1530  Long/Short/Flat: 18%/22%/59%
    Val   — Sharpe:  12.226  Return: 39046.36%  MaxDD: -13.27%  Trades: 1960  Long/Short/Flat: 20%/20%/59%
    B&H:  Train  -63.09%  Val   11.89%
    Score: 65.4053

score:        27.3573
assets:       5

============================================================
WYNIK KOŃCOWY (avg score): 27.3573
============================================================

Wykres zapisano → equity.png

📊 Zapisano wynik #110 → /home/juser/ej-aj/karpathy/autoquant/results.tsv
  🏆 Zapisano 0 modeli → /home/juser/.cache/autoquant/best_model
