============================================================
AUTOQUANT — LSTM Hybrid (PyTorch na cuda)
  Lookback: 168 świec, Timeframe: 1H
============================================================

Ładowanie danych (1h)...
  BTC/USDT: wczytano z cache (/home/juser/.cache/autoquant/data/BTC_USDT_binance_1h.parquet)
  ETH/USDT: wczytano z cache (/home/juser/.cache/autoquant/data/ETH_USDT_binance_1h.parquet)
  XMR/USDT: wczytano z cache (/home/juser/.cache/autoquant/data/XMR_USDT_bitfinex_1h.parquet)
  SOL/USDT: wczytano z cache (/home/juser/.cache/autoquant/data/SOL_USDT_binance_1h.parquet)
  TAO/USDT: wczytano z cache (/home/juser/.cache/autoquant/data/TAO_USDT_binance_1h.parquet)
  SPY: wczytano z cache (/home/juser/.cache/autoquant/data/SPY_1h.parquet)
  QQQ: wczytano z cache (/home/juser/.cache/autoquant/data/QQQ_1h.parquet)
  UUP: wczytano z cache (/home/juser/.cache/autoquant/data/UUP_1h.parquet)
  GLD: wczytano z cache (/home/juser/.cache/autoquant/data/GLD_1h.parquet)
  VIXY: wczytano z cache (/home/juser/.cache/autoquant/data/VIXY_1h.parquet)
  FED_RATE: wczytano z cache (/home/juser/.cache/autoquant/data/macro_FED_RATE.parquet)
  CPI: wczytano z cache (/home/juser/.cache/autoquant/data/macro_CPI.parquet)
  TREASURY_10Y: wczytano z cache (/home/juser/.cache/autoquant/data/macro_TREASURY_10Y.parquet)
  TREASURY_2Y: wczytano z cache (/home/juser/.cache/autoquant/data/macro_TREASURY_2Y.parquet)
  BTC/USDT FR: wczytano z cache
  ETH/USDT FR: wczytano z cache
  SOL/USDT FR: wczytano z cache
  Sentyment: pobieram z Alpha Vantage...
    Pobieram sentyment dla COIN:BTC...
    Pobieram sentyment dla COIN:ETH...
  ⚠ Sentyment: brak danych

Załadowano: 5 krypto, 5 ETF, 4 makro, 3 futures (FR+OI), 0 sentyment

  BTC/USDT:
    Train — Sharpe:  14.405  Return: 310492.21%  MaxDD:  -7.88%  Trades: 5099  Long/Short/Flat: 20%/19%/61%
    Val   — Sharpe:  14.119  Return: 2874.64%  MaxDD:  -3.61%  Trades: 2587  Long/Short/Flat: 21%/20%/59%
    B&H:  Train  237.14%  Val  -10.80%
    Score: 14.3837

  ETH/USDT:
    Train — Sharpe:  15.456  Return: 2789520.49%  MaxDD:  -7.63%  Trades: 5470  Long/Short/Flat: 21%/21%/58%
    Val   — Sharpe:  17.775  Return: 108422.12%  MaxDD:  -4.71%  Trades: 2628  Long/Short/Flat: 22%/19%/59%
    B&H:  Train   15.69%  Val   22.30%
    Score: 162.7985

  XMR/USDT:
    Train — Sharpe:  14.405  Return: 3477784.98%  MaxDD:  -3.46%  Trades: 5870  Long/Short/Flat: 23%/21%/56%
    Val   — Sharpe:  18.374  Return: 1428814.21%  MaxDD:  -8.88%  Trades: 3231  Long/Short/Flat: 25%/24%/51%
    B&H:  Train   42.35%  Val   75.97%
    Score: 1859.1419

  SOL/USDT:
    Train — Sharpe:  18.626  Return: 141811042981.91%  MaxDD: -11.96%  Trades: 5873  Long/Short/Flat: 24%/22%/54%
    Val   — Sharpe:  19.387  Return: 346880.20%  MaxDD:  -4.13%  Trades: 2769  Long/Short/Flat: 23%/22%/54%
    B&H:  Train  557.47%  Val  -26.52%
    Score: 523.0778

  TAO/USDT:
    Train — Sharpe:  17.730  Return: 5349564.50%  MaxDD:  -8.60%  Trades: 2034  Long/Short/Flat: 21%/26%/53%
    Val   — Sharpe:  20.636  Return: 16221774.34%  MaxDD:  -5.82%  Trades: 2969  Long/Short/Flat: 23%/24%/53%
    B&H:  Train  -63.09%  Val   11.89%
    Score: 22351.7373

score:        4982.2278
assets:       5

============================================================
WYNIK KOŃCOWY (avg score): 4982.2278
============================================================

Wykres zapisano → equity.png

📊 Zapisano wynik #111 → /home/juser/ej-aj/karpathy/autoquant/results.tsv
  🏆 Zapisano 0 modeli → /home/juser/.cache/autoquant/best_model
