============================================================
AUTOQUANT — LSTM Hybrid (PyTorch na cuda)
  Lookback: 168 świec, Timeframe: 1H
============================================================

Ładowanie danych (1h)...
  BTC/USDT: wczytano z cache (/home/juser/.cache/autoquant/data/BTC_USDT_binance_1h.parquet)
  ETH/USDT: wczytano z cache (/home/juser/.cache/autoquant/data/ETH_USDT_binance_1h.parquet)
  XMR/USDT: wczytano z cache (/home/juser/.cache/autoquant/data/XMR_USDT_bitfinex_1h.parquet)
  SOL/USDT: wczytano z cache (/home/juser/.cache/autoquant/data/SOL_USDT_binance_1h.parquet)
  TAO/USDT: wczytano z cache (/home/juser/.cache/autoquant/data/TAO_USDT_binance_1h.parquet)
  SPY: wczytano z cache (/home/juser/.cache/autoquant/data/SPY_1h.parquet)
  QQQ: wczytano z cache (/home/juser/.cache/autoquant/data/QQQ_1h.parquet)
  UUP: wczytano z cache (/home/juser/.cache/autoquant/data/UUP_1h.parquet)
  GLD: wczytano z cache (/home/juser/.cache/autoquant/data/GLD_1h.parquet)
  VIXY: wczytano z cache (/home/juser/.cache/autoquant/data/VIXY_1h.parquet)
  FED_RATE: wczytano z cache (/home/juser/.cache/autoquant/data/macro_FED_RATE.parquet)
  CPI: wczytano z cache (/home/juser/.cache/autoquant/data/macro_CPI.parquet)
  TREASURY_10Y: wczytano z cache (/home/juser/.cache/autoquant/data/macro_TREASURY_10Y.parquet)
  TREASURY_2Y: wczytano z cache (/home/juser/.cache/autoquant/data/macro_TREASURY_2Y.parquet)
  BTC/USDT FR: wczytano z cache
  ETH/USDT FR: wczytano z cache
  SOL/USDT FR: wczytano z cache
  Sentyment: pobieram z Alpha Vantage...
    Pobieram sentyment dla COIN:BTC...
    Pobieram sentyment dla COIN:ETH...
  ⚠ Sentyment: brak danych

Załadowano: 5 krypto, 5 ETF, 4 makro, 3 futures (FR+OI), 0 sentyment

  BTC/USDT:
    Train — Sharpe:   2.509  Return:  138.16%  MaxDD: -16.39%  Trades: 1233  Long/Short/Flat: 15%/13%/71%
    Val   — Sharpe:   1.606  Return:   27.67%  MaxDD: -12.15%  Trades: 825  Long/Short/Flat: 17%/15%/69%
    B&H:  Train  237.14%  Val  -10.80%
    Score: 0.9178

  ETH/USDT:
    Train — Sharpe:   4.031  Return:  550.18%  MaxDD: -12.29%  Trades: 1649  Long/Short/Flat: 16%/14%/70%
    Val   — Sharpe:   4.079  Return:  181.81%  MaxDD: -12.55%  Trades: 698  Long/Short/Flat: 16%/14%/70%
    B&H:  Train   15.69%  Val   22.30%
    Score: 2.712

  XMR/USDT:
    Train — Sharpe:   2.871  Return:  279.06%  MaxDD: -14.13%  Trades: 2234  Long/Short/Flat: 16%/12%/72%
    Val   — Sharpe:   3.907  Return:  227.92%  MaxDD: -13.86%  Trades: 874  Long/Short/Flat: 16%/12%/73%
    B&H:  Train   42.35%  Val   75.97%
    Score: 2.0727

  SOL/USDT:
    Train — Sharpe:   4.684  Return: 2338.37%  MaxDD: -13.49%  Trades: 1615  Long/Short/Flat: 17%/14%/69%
    Val   — Sharpe:   3.474  Return:  178.44%  MaxDD: -12.60%  Trades: 860  Long/Short/Flat: 16%/15%/68%
    B&H:  Train  557.47%  Val  -26.52%
    Score: 2.0974

  TAO/USDT:
    Train — Sharpe:   2.346  Return:  148.52%  MaxDD: -23.24%  Trades: 600  Long/Short/Flat: 14%/17%/69%
    Val   — Sharpe:   3.037  Return:  202.88%  MaxDD: -15.99%  Trades: 744  Long/Short/Flat: 14%/15%/70%
    B&H:  Train  -63.09%  Val   11.89%
    Score: 1.7784

score:        1.9157
assets:       5

============================================================
WYNIK KOŃCOWY (avg score): 1.9157
============================================================

Wykres zapisano → equity.png

📊 Zapisano wynik #99 → /home/juser/ej-aj/karpathy/autoquant/results.tsv
  🏆 Zapisano 0 modeli → /home/juser/.cache/autoquant/best_model
