============================================================
AUTOQUANT — LSTM Hybrid (PyTorch na cuda)
  Lookback: 168 świec, Timeframe: 1H
============================================================

Ładowanie danych (1h)...
  BTC/USDT: wczytano z cache (/home/juser/.cache/autoquant/data/BTC_USDT_binance_1h.parquet)
  ETH/USDT: wczytano z cache (/home/juser/.cache/autoquant/data/ETH_USDT_binance_1h.parquet)
  XMR/USDT: wczytano z cache (/home/juser/.cache/autoquant/data/XMR_USDT_bitfinex_1h.parquet)
  SOL/USDT: wczytano z cache (/home/juser/.cache/autoquant/data/SOL_USDT_binance_1h.parquet)
  TAO/USDT: wczytano z cache (/home/juser/.cache/autoquant/data/TAO_USDT_binance_1h.parquet)
  SPY: wczytano z cache (/home/juser/.cache/autoquant/data/SPY_1h.parquet)
  QQQ: wczytano z cache (/home/juser/.cache/autoquant/data/QQQ_1h.parquet)
  UUP: wczytano z cache (/home/juser/.cache/autoquant/data/UUP_1h.parquet)
  GLD: wczytano z cache (/home/juser/.cache/autoquant/data/GLD_1h.parquet)
  VIXY: wczytano z cache (/home/juser/.cache/autoquant/data/VIXY_1h.parquet)
  FED_RATE: wczytano z cache (/home/juser/.cache/autoquant/data/macro_FED_RATE.parquet)
  CPI: wczytano z cache (/home/juser/.cache/autoquant/data/macro_CPI.parquet)
  TREASURY_10Y: wczytano z cache (/home/juser/.cache/autoquant/data/macro_TREASURY_10Y.parquet)
  TREASURY_2Y: wczytano z cache (/home/juser/.cache/autoquant/data/macro_TREASURY_2Y.parquet)
  BTC/USDT FR: wczytano z cache
  ETH/USDT FR: wczytano z cache
  SOL/USDT FR: wczytano z cache
  Sentyment: pobieram z Alpha Vantage...
    Pobieram sentyment dla COIN:BTC...
    Pobieram sentyment dla COIN:ETH...
  ⚠ Sentyment: brak danych

Załadowano: 5 krypto, 5 ETF, 4 makro, 3 futures (FR+OI), 0 sentyment

  BTC/USDT:
    Train — Sharpe:   2.439  Return:  131.43%  MaxDD: -17.78%  Trades: 1194  Long/Short/Flat: 16%/13%/70%
    Val   — Sharpe:   1.671  Return:   29.53%  MaxDD:  -9.57%  Trades: 875  Long/Short/Flat: 17%/15%/68%
    B&H:  Train  237.14%  Val  -10.80%
    Score: 0.98

  ETH/USDT:
    Train — Sharpe:   1.354  Return:   28.89%  MaxDD:  -6.11%  Trades: 247  Long/Short/Flat: 4%/0%/96%
    Val   — Sharpe:   3.832  Return:  163.19%  MaxDD: -12.50%  Trades: 720  Long/Short/Flat: 16%/14%/70%
    B&H:  Train   15.69%  Val   22.30%
    Score: 0.215

  XMR/USDT:
    Train — Sharpe:   3.273  Return:  372.73%  MaxDD: -12.13%  Trades: 2441  Long/Short/Flat: 16%/13%/71%
    Val   — Sharpe:   4.379  Return:  292.50%  MaxDD: -14.08%  Trades: 930  Long/Short/Flat: 16%/12%/72%
    B&H:  Train   42.35%  Val   75.97%
    Score: 2.3934

  SOL/USDT:
    Train — Sharpe:   4.719  Return: 2459.59%  MaxDD: -13.53%  Trades: 1672  Long/Short/Flat: 17%/14%/69%
    Val   — Sharpe:  -1.862  Return:  -23.54%  MaxDD: -27.46%  Trades: 343  Long/Short/Flat: 2%/13%/85%
    B&H:  Train  557.47%  Val  -26.52%
    Score: -0.2207

  TAO/USDT:
    Train — Sharpe:   2.933  Return:  231.73%  MaxDD: -20.22%  Trades: 582  Long/Short/Flat: 14%/17%/69%
    Val   — Sharpe:   3.823  Return:  321.54%  MaxDD: -15.99%  Trades: 781  Long/Short/Flat: 15%/16%/69%
    B&H:  Train  -63.09%  Val   11.89%
    Score: 2.2772

score:        1.129
assets:       5

============================================================
WYNIK KOŃCOWY (avg score): 1.129
============================================================

Wykres zapisano → equity.png

📊 Zapisano wynik #106 → /home/juser/ej-aj/karpathy/autoquant/results.tsv
