============================================================
AUTOQUANT — LSTM Hybrid (PyTorch na cuda)
  Lookback: 240 świec, Timeframe: 1H
============================================================

Ładowanie danych (1h)...
  BTC/USDT: wczytano z cache (/home/juser/.cache/autoquant/data/BTC_USDT_binance_1h.parquet)
  ETH/USDT: wczytano z cache (/home/juser/.cache/autoquant/data/ETH_USDT_binance_1h.parquet)
  XMR/USDT: wczytano z cache (/home/juser/.cache/autoquant/data/XMR_USDT_bitfinex_1h.parquet)
  SOL/USDT: wczytano z cache (/home/juser/.cache/autoquant/data/SOL_USDT_binance_1h.parquet)
  TAO/USDT: wczytano z cache (/home/juser/.cache/autoquant/data/TAO_USDT_binance_1h.parquet)
  SPY: wczytano z cache (/home/juser/.cache/autoquant/data/SPY_1h.parquet)
  QQQ: wczytano z cache (/home/juser/.cache/autoquant/data/QQQ_1h.parquet)
  UUP: wczytano z cache (/home/juser/.cache/autoquant/data/UUP_1h.parquet)
  GLD: wczytano z cache (/home/juser/.cache/autoquant/data/GLD_1h.parquet)
  VIXY: wczytano z cache (/home/juser/.cache/autoquant/data/VIXY_1h.parquet)
  FED_RATE: wczytano z cache (/home/juser/.cache/autoquant/data/macro_FED_RATE.parquet)
  CPI: wczytano z cache (/home/juser/.cache/autoquant/data/macro_CPI.parquet)
  TREASURY_10Y: wczytano z cache (/home/juser/.cache/autoquant/data/macro_TREASURY_10Y.parquet)
  TREASURY_2Y: wczytano z cache (/home/juser/.cache/autoquant/data/macro_TREASURY_2Y.parquet)
  BTC/USDT FR: wczytano z cache
  ETH/USDT FR: wczytano z cache
  SOL/USDT FR: wczytano z cache
  Sentyment: pobieram z Alpha Vantage...
    Pobieram sentyment dla COIN:BTC...
    Pobieram sentyment dla COIN:ETH...
  ⚠ Sentyment: brak danych

Załadowano: 5 krypto, 5 ETF, 4 makro, 3 futures (FR+OI), 0 sentyment

  BTC/USDT:
    Train — Sharpe:   5.714  Return:  843.00%  MaxDD:  -6.25%  Trades: 2366  Long/Short/Flat: 18%/15%/68%
    Val   — Sharpe:   3.237  Return:   69.02%  MaxDD:  -8.56%  Trades: 1196  Long/Short/Flat: 17%/15%/68%
    B&H:  Train  237.14%  Val  -10.80%
    Score: 1.6906

  ETH/USDT:
    Train — Sharpe:   5.923  Return: 1631.89%  MaxDD: -10.86%  Trades: 2538  Long/Short/Flat: 17%/16%/67%
    Val   — Sharpe:   5.590  Return:  365.96%  MaxDD:  -9.12%  Trades: 1107  Long/Short/Flat: 18%/15%/68%
    B&H:  Train   15.69%  Val   22.30%
    Score: 3.8018

  XMR/USDT:
    Train — Sharpe:   3.676  Return:  531.56%  MaxDD: -10.22%  Trades: 2983  Long/Short/Flat: 16%/14%/70%
    Val   — Sharpe:   7.615  Return: 1318.15%  MaxDD:  -7.55%  Trades: 1453  Long/Short/Flat: 18%/15%/67%
    B&H:  Train   42.35%  Val   75.97%
    Score: 3.0586

  SOL/USDT:
    Train — Sharpe:   6.488  Return: 15372.80%  MaxDD: -12.68%  Trades: 2702  Long/Short/Flat: 17%/17%/66%
    Val   — Sharpe:   3.800  Return:  212.56%  MaxDD:  -9.91%  Trades: 1249  Long/Short/Flat: 18%/16%/66%
    B&H:  Train  557.47%  Val  -26.52%
    Score: 2.0817

  TAO/USDT:
    Train — Sharpe:   8.386  Return: 4386.13%  MaxDD: -14.43%  Trades: 1210  Long/Short/Flat: 16%/20%/64%
    Val   — Sharpe:   6.312  Return: 1179.72%  MaxDD: -14.82%  Trades: 1220  Long/Short/Flat: 17%/18%/66%
    B&H:  Train  -63.09%  Val   11.89%
    Score: 4.7962

score:        3.0858
assets:       5

============================================================
WYNIK KOŃCOWY (avg score): 3.0858
============================================================

Wykres zapisano → equity.png

📊 Zapisano wynik #119 → /home/juser/ej-aj/karpathy/autoquant/results.tsv
