============================================================
AUTOQUANT — LSTM Hybrid (PyTorch na cuda)
  Lookback: 168 świec, Timeframe: 1H
============================================================

Ładowanie danych (1h)...
  BTC/USDT: wczytano z cache (/home/juser/.cache/autoquant/data/BTC_USDT_binance_1h.parquet)
  ETH/USDT: wczytano z cache (/home/juser/.cache/autoquant/data/ETH_USDT_binance_1h.parquet)
  XMR/USDT: wczytano z cache (/home/juser/.cache/autoquant/data/XMR_USDT_bitfinex_1h.parquet)
  SOL/USDT: wczytano z cache (/home/juser/.cache/autoquant/data/SOL_USDT_binance_1h.parquet)
  TAO/USDT: wczytano z cache (/home/juser/.cache/autoquant/data/TAO_USDT_binance_1h.parquet)
  SPY: wczytano z cache (/home/juser/.cache/autoquant/data/SPY_1h.parquet)
  QQQ: wczytano z cache (/home/juser/.cache/autoquant/data/QQQ_1h.parquet)
  UUP: wczytano z cache (/home/juser/.cache/autoquant/data/UUP_1h.parquet)
  GLD: wczytano z cache (/home/juser/.cache/autoquant/data/GLD_1h.parquet)
  VIXY: wczytano z cache (/home/juser/.cache/autoquant/data/VIXY_1h.parquet)
  FED_RATE: wczytano z cache (/home/juser/.cache/autoquant/data/macro_FED_RATE.parquet)
  CPI: wczytano z cache (/home/juser/.cache/autoquant/data/macro_CPI.parquet)
  TREASURY_10Y: wczytano z cache (/home/juser/.cache/autoquant/data/macro_TREASURY_10Y.parquet)
  TREASURY_2Y: wczytano z cache (/home/juser/.cache/autoquant/data/macro_TREASURY_2Y.parquet)
  BTC/USDT FR: wczytano z cache
  ETH/USDT FR: wczytano z cache
  SOL/USDT FR: wczytano z cache
  Sentyment: pobieram z Alpha Vantage...
    Pobieram sentyment dla COIN:BTC...
    Pobieram sentyment dla COIN:ETH...
  ⚠ Sentyment: brak danych

Załadowano: 5 krypto, 5 ETF, 4 makro, 3 futures (FR+OI), 0 sentyment

  BTC/USDT:
    Train — Sharpe:   5.925  Return:  917.20%  MaxDD:  -5.70%  Trades: 2449  Long/Short/Flat: 18%/15%/67%
    Val   — Sharpe:   3.415  Return:   74.27%  MaxDD:  -9.07%  Trades: 1169  Long/Short/Flat: 17%/16%/67%
    B&H:  Train  237.14%  Val  -10.80%
    Score: 1.7905

  ETH/USDT:
    Train — Sharpe:   5.867  Return: 1596.67%  MaxDD: -10.02%  Trades: 2644  Long/Short/Flat: 18%/16%/67%
    Val   — Sharpe:   5.559  Return:  367.87%  MaxDD: -10.45%  Trades: 1124  Long/Short/Flat: 18%/15%/68%
    B&H:  Train   15.69%  Val   22.30%
    Score: 3.7864

  XMR/USDT:
    Train — Sharpe:   3.997  Return:  651.95%  MaxDD: -10.26%  Trades: 3132  Long/Short/Flat: 16%/14%/70%
    Val   — Sharpe:   7.707  Return: 1402.49%  MaxDD:  -7.63%  Trades: 1503  Long/Short/Flat: 18%/15%/66%
    B&H:  Train   42.35%  Val   75.97%
    Score: 3.6355

  SOL/USDT:
    Train — Sharpe:   6.195  Return: 11994.53%  MaxDD: -12.68%  Trades: 2710  Long/Short/Flat: 17%/17%/66%
    Val   — Sharpe:   4.147  Return:  253.65%  MaxDD: -10.49%  Trades: 1281  Long/Short/Flat: 18%/16%/66%
    B&H:  Train  557.47%  Val  -26.52%
    Score: 2.4066

  TAO/USDT:
    Train — Sharpe:   5.347  Return:  932.31%  MaxDD: -13.62%  Trades: 838  Long/Short/Flat: 15%/20%/65%
    Val   — Sharpe:   6.976  Return: 1701.75%  MaxDD: -14.34%  Trades: 1241  Long/Short/Flat: 18%/18%/65%
    B&H:  Train  -63.09%  Val   11.89%
    Score: 5.6629

score:        3.4564
assets:       5

============================================================
WYNIK KOŃCOWY (avg score): 3.4564
============================================================

Wykres zapisano → equity.png

📊 Zapisano wynik #109 → /home/juser/ej-aj/karpathy/autoquant/results.tsv
  🏆 Zapisano 0 modeli → /home/juser/.cache/autoquant/best_model
