============================================================
AUTOQUANT — LSTM Hybrid (PyTorch na cuda)
  Lookback: 168 świec, Timeframe: 1H
============================================================

Ładowanie danych (1h)...
  BTC/USDT: wczytano z cache (/home/juser/.cache/autoquant/data/BTC_USDT_binance_1h.parquet)
  ETH/USDT: wczytano z cache (/home/juser/.cache/autoquant/data/ETH_USDT_binance_1h.parquet)
  XMR/USDT: wczytano z cache (/home/juser/.cache/autoquant/data/XMR_USDT_bitfinex_1h.parquet)
  SOL/USDT: wczytano z cache (/home/juser/.cache/autoquant/data/SOL_USDT_binance_1h.parquet)
  TAO/USDT: wczytano z cache (/home/juser/.cache/autoquant/data/TAO_USDT_binance_1h.parquet)
  SPY: wczytano z cache (/home/juser/.cache/autoquant/data/SPY_1h.parquet)
  QQQ: wczytano z cache (/home/juser/.cache/autoquant/data/QQQ_1h.parquet)
  UUP: wczytano z cache (/home/juser/.cache/autoquant/data/UUP_1h.parquet)
  GLD: wczytano z cache (/home/juser/.cache/autoquant/data/GLD_1h.parquet)
  VIXY: wczytano z cache (/home/juser/.cache/autoquant/data/VIXY_1h.parquet)
  FED_RATE: wczytano z cache (/home/juser/.cache/autoquant/data/macro_FED_RATE.parquet)
  CPI: wczytano z cache (/home/juser/.cache/autoquant/data/macro_CPI.parquet)
  TREASURY_10Y: wczytano z cache (/home/juser/.cache/autoquant/data/macro_TREASURY_10Y.parquet)
  TREASURY_2Y: wczytano z cache (/home/juser/.cache/autoquant/data/macro_TREASURY_2Y.parquet)
  BTC/USDT FR: wczytano z cache
  ETH/USDT FR: wczytano z cache
  SOL/USDT FR: wczytano z cache
  Sentyment: pobieram z Alpha Vantage...
    Pobieram sentyment dla COIN:BTC...
    Pobieram sentyment dla COIN:ETH...
  ⚠ Sentyment: brak danych

Załadowano: 5 krypto, 5 ETF, 4 makro, 3 futures (FR+OI), 0 sentyment

  BTC/USDT:
    Train — Sharpe:   2.565  Return:  138.44%  MaxDD: -17.20%  Trades: 1248  Long/Short/Flat: 16%/13%/72%
    Val   — Sharpe:   1.847  Return:   33.16%  MaxDD: -11.45%  Trades: 896  Long/Short/Flat: 17%/14%/69%
    B&H:  Train  237.14%  Val  -10.80%
    Score: 1.0885

  ETH/USDT:
    Train — Sharpe:   2.772  Return:  240.55%  MaxDD: -13.40%  Trades: 1349  Long/Short/Flat: 15%/14%/71%
    Val   — Sharpe:   4.032  Return:  174.77%  MaxDD: -13.47%  Trades: 750  Long/Short/Flat: 16%/14%/70%
    B&H:  Train   15.69%  Val   22.30%
    Score: 2.0666

  XMR/USDT:
    Train — Sharpe:   3.232  Return:  359.67%  MaxDD: -11.52%  Trades: 2559  Long/Short/Flat: 16%/13%/72%
    Val   — Sharpe:   4.812  Return:  313.67%  MaxDD:  -9.98%  Trades: 968  Long/Short/Flat: 16%/12%/72%
    B&H:  Train   42.35%  Val   75.97%
    Score: 2.4637

  SOL/USDT:
    Train — Sharpe:   5.018  Return: 3032.83%  MaxDD: -13.10%  Trades: 1848  Long/Short/Flat: 17%/14%/69%
    Val   — Sharpe:   3.467  Return:  173.95%  MaxDD: -12.38%  Trades: 884  Long/Short/Flat: 16%/15%/69%
    B&H:  Train  557.47%  Val  -26.52%
    Score: 2.0362

  TAO/USDT:
    Train — Sharpe:   2.823  Return:  199.87%  MaxDD: -19.21%  Trades: 536  Long/Short/Flat: 14%/15%/71%
    Val   — Sharpe:   3.301  Return:  236.21%  MaxDD: -15.99%  Trades: 780  Long/Short/Flat: 15%/15%/70%
    B&H:  Train  -63.09%  Val   11.89%
    Score: 2.0854

score:        1.9481
assets:       5

============================================================
WYNIK KOŃCOWY (avg score): 1.9481
============================================================

Wykres zapisano → equity.png

📊 Zapisano wynik #101 → /home/juser/ej-aj/karpathy/autoquant/results.tsv
  🏆 Zapisano 0 modeli → /home/juser/.cache/autoquant/best_model
