============================================================
AUTOQUANT — LSTM Hybrid (PyTorch na cuda)
  Lookback: 168 świec, Timeframe: 1H
============================================================

Ładowanie danych (1h)...
  BTC/USDT: wczytano z cache (/home/juser/.cache/autoquant/data/BTC_USDT_binance_1h.parquet)
  ETH/USDT: wczytano z cache (/home/juser/.cache/autoquant/data/ETH_USDT_binance_1h.parquet)
  XMR/USDT: wczytano z cache (/home/juser/.cache/autoquant/data/XMR_USDT_bitfinex_1h.parquet)
  SOL/USDT: wczytano z cache (/home/juser/.cache/autoquant/data/SOL_USDT_binance_1h.parquet)
  TAO/USDT: wczytano z cache (/home/juser/.cache/autoquant/data/TAO_USDT_binance_1h.parquet)
  SPY: wczytano z cache (/home/juser/.cache/autoquant/data/SPY_1h.parquet)
  QQQ: wczytano z cache (/home/juser/.cache/autoquant/data/QQQ_1h.parquet)
  UUP: wczytano z cache (/home/juser/.cache/autoquant/data/UUP_1h.parquet)
  GLD: wczytano z cache (/home/juser/.cache/autoquant/data/GLD_1h.parquet)
  VIXY: wczytano z cache (/home/juser/.cache/autoquant/data/VIXY_1h.parquet)
  FED_RATE: wczytano z cache (/home/juser/.cache/autoquant/data/macro_FED_RATE.parquet)
  CPI: wczytano z cache (/home/juser/.cache/autoquant/data/macro_CPI.parquet)
  TREASURY_10Y: wczytano z cache (/home/juser/.cache/autoquant/data/macro_TREASURY_10Y.parquet)
  TREASURY_2Y: wczytano z cache (/home/juser/.cache/autoquant/data/macro_TREASURY_2Y.parquet)
  BTC/USDT FR: wczytano z cache
  ETH/USDT FR: wczytano z cache
  SOL/USDT FR: wczytano z cache
  Sentyment: pobieram z Alpha Vantage...
    Pobieram sentyment dla COIN:BTC...
    Pobieram sentyment dla COIN:ETH...
  ⚠ Sentyment: brak danych

Załadowano: 5 krypto, 5 ETF, 4 makro, 3 futures (FR+OI), 0 sentyment

  BTC/USDT:
    Train — Sharpe:   5.346  Return:  702.19%  MaxDD:  -6.49%  Trades: 2126  Long/Short/Flat: 18%/15%/68%
    Val   — Sharpe:   1.856  Return:   32.78%  MaxDD: -15.68%  Trades: 1003  Long/Short/Flat: 16%/15%/69%
    B&H:  Train  237.14%  Val  -10.80%
    Score: 0.86

  ETH/USDT:
    Train — Sharpe:   5.541  Return: 1320.93%  MaxDD:  -9.93%  Trades: 2258  Long/Short/Flat: 17%/16%/67%
    Val   — Sharpe:   4.375  Return:  230.08%  MaxDD: -13.15%  Trades: 901  Long/Short/Flat: 17%/14%/69%
    B&H:  Train   15.69%  Val   22.30%
    Score: 2.6252

  XMR/USDT:
    Train — Sharpe:   4.003  Return:  652.88%  MaxDD: -10.16%  Trades: 2848  Long/Short/Flat: 16%/14%/70%
    Val   — Sharpe:   5.597  Return:  492.86%  MaxDD:  -8.21%  Trades: 1188  Long/Short/Flat: 17%/14%/68%
    B&H:  Train   42.35%  Val   75.97%
    Score: 3.2319

  SOL/USDT:
    Train — Sharpe:   5.628  Return: 7663.45%  MaxDD: -12.68%  Trades: 2366  Long/Short/Flat: 17%/17%/67%
    Val   — Sharpe:   2.638  Return:  114.31%  MaxDD: -16.12%  Trades: 1061  Long/Short/Flat: 17%/15%/67%
    B&H:  Train  557.47%  Val  -26.52%
    Score: 1.3202

  TAO/USDT:
    Train — Sharpe:   5.143  Return:  829.29%  MaxDD: -18.67%  Trades: 885  Long/Short/Flat: 16%/19%/65%
    Val   — Sharpe:   4.466  Return:  493.43%  MaxDD: -18.74%  Trades: 993  Long/Short/Flat: 16%/17%/66%
    B&H:  Train  -63.09%  Val   11.89%
    Score: 3.1433

score:        2.2361
assets:       5

============================================================
WYNIK KOŃCOWY (avg score): 2.2361
============================================================

Wykres zapisano → equity.png

📊 Zapisano wynik #115 → /home/juser/ej-aj/karpathy/autoquant/results.tsv
